nohup: ignoring input
Namespace(dataset='DGraphFin', model='GEARSage', device=0, epochs=200, hiddens=96, layers=3, dropout=0.3)
model_dir: ./model_results/DGraphFin/GEARSage
Model GEARSage initialized
Epoch: 01, Loss: 0.6937, Train: 73.19%, Valid: 72.84%,Best: 72.8388%,
Epoch: 02, Loss: 0.6737, Train: 72.81%, Valid: 72.60%,Best: 72.8388%,
Epoch: 03, Loss: 0.6482, Train: 72.83%, Valid: 72.63%,Best: 72.8388%,
Epoch: 04, Loss: 0.6410, Train: 73.72%, Valid: 73.46%,Best: 73.4620%,
Epoch: 05, Loss: 0.6342, Train: 74.58%, Valid: 74.29%,Best: 74.2906%,
Epoch: 06, Loss: 0.6282, Train: 75.36%, Valid: 75.02%,Best: 75.0156%,
Epoch: 07, Loss: 0.6248, Train: 75.88%, Valid: 75.54%,Best: 75.5381%,
Epoch: 08, Loss: 0.6106, Train: 76.49%, Valid: 76.12%,Best: 76.1211%,
Epoch: 09, Loss: 0.6021, Train: 77.10%, Valid: 76.68%,Best: 76.6785%,
Epoch: 10, Loss: 0.6029, Train: 77.69%, Valid: 77.20%,Best: 77.1991%,
Epoch: 11, Loss: 0.5879, Train: 78.16%, Valid: 77.56%,Best: 77.5595%,
Epoch: 12, Loss: 0.5918, Train: 78.44%, Valid: 77.76%,Best: 77.7562%,
Epoch: 13, Loss: 0.5864, Train: 78.68%, Valid: 77.93%,Best: 77.9337%,
Epoch: 14, Loss: 0.5826, Train: 79.08%, Valid: 78.32%,Best: 78.3167%,
Epoch: 15, Loss: 0.5766, Train: 79.56%, Valid: 78.77%,Best: 78.7712%,
Epoch: 16, Loss: 0.5697, Train: 80.08%, Valid: 79.29%,Best: 79.2923%,
Epoch: 17, Loss: 0.5654, Train: 80.60%, Valid: 79.81%,Best: 79.8090%,
Epoch: 18, Loss: 0.5655, Train: 81.05%, Valid: 80.25%,Best: 80.2491%,
Epoch: 19, Loss: 0.5612, Train: 81.30%, Valid: 80.47%,Best: 80.4704%,
Epoch: 20, Loss: 0.5517, Train: 81.45%, Valid: 80.55%,Best: 80.5475%,
Epoch: 21, Loss: 0.5570, Train: 81.61%, Valid: 80.62%,Best: 80.6169%,
Epoch: 22, Loss: 0.5522, Train: 81.71%, Valid: 80.63%,Best: 80.6348%,
Epoch: 23, Loss: 0.5497, Train: 81.75%, Valid: 80.63%,Best: 80.6348%,
Epoch: 24, Loss: 0.5499, Train: 81.87%, Valid: 80.77%,Best: 80.7654%,
Epoch: 25, Loss: 0.5502, Train: 82.08%, Valid: 80.99%,Best: 80.9870%,
Epoch: 26, Loss: 0.5448, Train: 82.27%, Valid: 81.20%,Best: 81.1994%,
Epoch: 27, Loss: 0.5428, Train: 82.40%, Valid: 81.35%,Best: 81.3496%,
Epoch: 28, Loss: 0.5430, Train: 82.49%, Valid: 81.46%,Best: 81.4567%,
Epoch: 29, Loss: 0.5446, Train: 82.58%, Valid: 81.53%,Best: 81.5325%,
Epoch: 30, Loss: 0.5421, Train: 82.64%, Valid: 81.59%,Best: 81.5887%,
Epoch: 31, Loss: 0.5460, Train: 82.68%, Valid: 81.62%,Best: 81.6217%,
Epoch: 32, Loss: 0.5415, Train: 82.72%, Valid: 81.64%,Best: 81.6390%,
Epoch: 33, Loss: 0.5390, Train: 82.74%, Valid: 81.63%,Best: 81.6390%,
Epoch: 34, Loss: 0.5380, Train: 82.76%, Valid: 81.62%,Best: 81.6390%,
Epoch: 35, Loss: 0.5383, Train: 82.79%, Valid: 81.65%,Best: 81.6543%,
Epoch: 36, Loss: 0.5400, Train: 82.80%, Valid: 81.69%,Best: 81.6866%,
Epoch: 37, Loss: 0.5351, Train: 82.79%, Valid: 81.69%,Best: 81.6938%,
Epoch: 38, Loss: 0.5349, Train: 82.82%, Valid: 81.73%,Best: 81.7306%,
Epoch: 39, Loss: 0.5376, Train: 82.90%, Valid: 81.81%,Best: 81.8056%,
Epoch: 40, Loss: 0.5368, Train: 82.97%, Valid: 81.88%,Best: 81.8815%,
Epoch: 41, Loss: 0.5347, Train: 82.99%, Valid: 81.90%,Best: 81.8995%,
Epoch: 42, Loss: 0.5363, Train: 82.99%, Valid: 81.91%,Best: 81.9122%,
Epoch: 43, Loss: 0.5369, Train: 83.06%, Valid: 81.99%,Best: 81.9926%,
Epoch: 44, Loss: 0.5341, Train: 83.10%, Valid: 82.04%,Best: 82.0412%,
Epoch: 45, Loss: 0.5337, Train: 83.09%, Valid: 82.04%,Best: 82.0431%,
Epoch: 46, Loss: 0.5333, Train: 83.09%, Valid: 82.04%,Best: 82.0431%,
Epoch: 47, Loss: 0.5344, Train: 83.13%, Valid: 82.06%,Best: 82.0605%,
Epoch: 48, Loss: 0.5379, Train: 83.18%, Valid: 82.09%,Best: 82.0865%,
Epoch: 49, Loss: 0.5376, Train: 83.19%, Valid: 82.07%,Best: 82.0865%,
Epoch: 50, Loss: 0.5303, Train: 83.20%, Valid: 82.05%,Best: 82.0865%,
Epoch: 51, Loss: 0.5319, Train: 83.23%, Valid: 82.08%,Best: 82.0865%,
Epoch: 52, Loss: 0.5329, Train: 83.24%, Valid: 82.11%,Best: 82.1065%,
Epoch: 53, Loss: 0.5330, Train: 83.26%, Valid: 82.14%,Best: 82.1359%,
Epoch: 54, Loss: 0.5347, Train: 83.30%, Valid: 82.18%,Best: 82.1820%,
Epoch: 55, Loss: 0.5323, Train: 83.34%, Valid: 82.22%,Best: 82.2245%,
Epoch: 56, Loss: 0.5309, Train: 83.37%, Valid: 82.25%,Best: 82.2506%,
Epoch: 57, Loss: 0.5324, Train: 83.38%, Valid: 82.25%,Best: 82.2512%,
Epoch: 58, Loss: 0.5344, Train: 83.40%, Valid: 82.28%,Best: 82.2762%,
Epoch: 59, Loss: 0.5318, Train: 83.40%, Valid: 82.30%,Best: 82.3007%,
Epoch: 60, Loss: 0.5308, Train: 83.38%, Valid: 82.29%,Best: 82.3007%,
Epoch: 61, Loss: 0.5317, Train: 83.40%, Valid: 82.30%,Best: 82.3021%,
Epoch: 62, Loss: 0.5317, Train: 83.46%, Valid: 82.35%,Best: 82.3478%,
Epoch: 63, Loss: 0.5307, Train: 83.48%, Valid: 82.36%,Best: 82.3567%,
Epoch: 64, Loss: 0.5311, Train: 83.49%, Valid: 82.37%,Best: 82.3735%,
Epoch: 65, Loss: 0.5281, Train: 83.52%, Valid: 82.42%,Best: 82.4191%,
Epoch: 66, Loss: 0.5316, Train: 83.53%, Valid: 82.46%,Best: 82.4557%,
Epoch: 67, Loss: 0.5310, Train: 83.54%, Valid: 82.47%,Best: 82.4722%,
Epoch: 68, Loss: 0.5269, Train: 83.55%, Valid: 82.48%,Best: 82.4835%,
Epoch: 69, Loss: 0.5226, Train: 83.58%, Valid: 82.49%,Best: 82.4932%,
Epoch: 70, Loss: 0.5234, Train: 83.60%, Valid: 82.49%,Best: 82.4932%,
Epoch: 71, Loss: 0.5278, Train: 83.60%, Valid: 82.47%,Best: 82.4932%,
Epoch: 72, Loss: 0.5262, Train: 83.59%, Valid: 82.46%,Best: 82.4932%,
Epoch: 73, Loss: 0.5224, Train: 83.63%, Valid: 82.51%,Best: 82.5115%,
Epoch: 74, Loss: 0.5296, Train: 83.66%, Valid: 82.55%,Best: 82.5507%,
Epoch: 75, Loss: 0.5290, Train: 83.65%, Valid: 82.56%,Best: 82.5593%,
Epoch: 76, Loss: 0.5264, Train: 83.63%, Valid: 82.55%,Best: 82.5593%,
Epoch: 77, Loss: 0.5261, Train: 83.66%, Valid: 82.57%,Best: 82.5737%,
Epoch: 78, Loss: 0.5307, Train: 83.68%, Valid: 82.58%,Best: 82.5794%,
Epoch: 79, Loss: 0.5249, Train: 83.71%, Valid: 82.60%,Best: 82.6010%,
Epoch: 80, Loss: 0.5287, Train: 83.72%, Valid: 82.61%,Best: 82.6057%,
Epoch: 81, Loss: 0.5220, Train: 83.71%, Valid: 82.59%,Best: 82.6057%,
Epoch: 82, Loss: 0.5313, Train: 83.75%, Valid: 82.62%,Best: 82.6216%,
Epoch: 83, Loss: 0.5288, Train: 83.79%, Valid: 82.65%,Best: 82.6491%,
Epoch: 84, Loss: 0.5239, Train: 83.80%, Valid: 82.66%,Best: 82.6588%,
Epoch: 85, Loss: 0.5292, Train: 83.81%, Valid: 82.66%,Best: 82.6604%,
Epoch: 86, Loss: 0.5247, Train: 83.80%, Valid: 82.64%,Best: 82.6604%,
Epoch: 87, Loss: 0.5251, Train: 83.75%, Valid: 82.58%,Best: 82.6604%,
Epoch: 88, Loss: 0.5290, Train: 83.79%, Valid: 82.60%,Best: 82.6604%,
Epoch: 89, Loss: 0.5252, Train: 83.84%, Valid: 82.61%,Best: 82.6604%,
Epoch: 90, Loss: 0.5243, Train: 83.84%, Valid: 82.60%,Best: 82.6604%,
Epoch: 91, Loss: 0.5277, Train: 83.87%, Valid: 82.63%,Best: 82.6604%,
Epoch: 92, Loss: 0.5225, Train: 83.86%, Valid: 82.65%,Best: 82.6604%,
Epoch: 93, Loss: 0.5270, Train: 83.85%, Valid: 82.67%,Best: 82.6709%,
Epoch: 94, Loss: 0.5266, Train: 83.88%, Valid: 82.72%,Best: 82.7217%,
Epoch: 95, Loss: 0.5244, Train: 83.91%, Valid: 82.74%,Best: 82.7430%,
Epoch: 96, Loss: 0.5269, Train: 83.91%, Valid: 82.74%,Best: 82.7430%,
Epoch: 97, Loss: 0.5230, Train: 83.94%, Valid: 82.75%,Best: 82.7478%,
Epoch: 98, Loss: 0.5243, Train: 83.94%, Valid: 82.73%,Best: 82.7478%,
Epoch: 99, Loss: 0.5292, Train: 83.93%, Valid: 82.69%,Best: 82.7478%,
Epoch: 100, Loss: 0.5239, Train: 83.95%, Valid: 82.69%,Best: 82.7478%,
Epoch: 101, Loss: 0.5238, Train: 83.97%, Valid: 82.68%,Best: 82.7478%,
Epoch: 102, Loss: 0.5229, Train: 83.98%, Valid: 82.69%,Best: 82.7478%,
Epoch: 103, Loss: 0.5228, Train: 84.00%, Valid: 82.73%,Best: 82.7478%,
Epoch: 104, Loss: 0.5212, Train: 84.00%, Valid: 82.77%,Best: 82.7668%,
Epoch: 105, Loss: 0.5282, Train: 83.99%, Valid: 82.78%,Best: 82.7846%,
Epoch: 106, Loss: 0.5226, Train: 84.02%, Valid: 82.80%,Best: 82.8017%,
Epoch: 107, Loss: 0.5233, Train: 84.03%, Valid: 82.79%,Best: 82.8017%,
Epoch: 108, Loss: 0.5258, Train: 84.01%, Valid: 82.74%,Best: 82.8017%,
Epoch: 109, Loss: 0.5262, Train: 84.07%, Valid: 82.76%,Best: 82.8017%,
Epoch: 110, Loss: 0.5246, Train: 84.06%, Valid: 82.74%,Best: 82.8017%,
Epoch: 111, Loss: 0.5188, Train: 84.04%, Valid: 82.71%,Best: 82.8017%,
Epoch: 112, Loss: 0.5220, Train: 84.08%, Valid: 82.73%,Best: 82.8017%,
Epoch: 113, Loss: 0.5223, Train: 84.09%, Valid: 82.74%,Best: 82.8017%,
Epoch: 114, Loss: 0.5213, Train: 84.11%, Valid: 82.79%,Best: 82.8017%,
Epoch: 115, Loss: 0.5260, Train: 84.10%, Valid: 82.80%,Best: 82.8035%,
Epoch: 116, Loss: 0.5192, Train: 84.09%, Valid: 82.78%,Best: 82.8035%,
Epoch: 117, Loss: 0.5192, Train: 84.10%, Valid: 82.77%,Best: 82.8035%,
Epoch: 118, Loss: 0.5194, Train: 84.12%, Valid: 82.80%,Best: 82.8035%,
Epoch: 119, Loss: 0.5250, Train: 84.13%, Valid: 82.81%,Best: 82.8052%,
Epoch: 120, Loss: 0.5209, Train: 84.15%, Valid: 82.82%,Best: 82.8174%,
Epoch: 121, Loss: 0.5226, Train: 84.17%, Valid: 82.84%,Best: 82.8372%,
Epoch: 122, Loss: 0.5196, Train: 84.19%, Valid: 82.87%,Best: 82.8653%,
Epoch: 123, Loss: 0.5242, Train: 84.19%, Valid: 82.89%,Best: 82.8900%,
Epoch: 124, Loss: 0.5171, Train: 84.20%, Valid: 82.89%,Best: 82.8933%,
Epoch: 125, Loss: 0.5216, Train: 84.21%, Valid: 82.90%,Best: 82.8997%,
Epoch: 126, Loss: 0.5230, Train: 84.22%, Valid: 82.89%,Best: 82.8997%,
Epoch: 127, Loss: 0.5234, Train: 84.23%, Valid: 82.88%,Best: 82.8997%,
Epoch: 128, Loss: 0.5212, Train: 84.21%, Valid: 82.85%,Best: 82.8997%,
Epoch: 129, Loss: 0.5207, Train: 84.20%, Valid: 82.84%,Best: 82.8997%,
Epoch: 130, Loss: 0.5219, Train: 84.23%, Valid: 82.85%,Best: 82.8997%,
Epoch: 131, Loss: 0.5202, Train: 84.24%, Valid: 82.85%,Best: 82.8997%,
Epoch: 132, Loss: 0.5187, Train: 84.25%, Valid: 82.84%,Best: 82.8997%,
Epoch: 133, Loss: 0.5192, Train: 84.26%, Valid: 82.88%,Best: 82.8997%,
Epoch: 134, Loss: 0.5204, Train: 84.22%, Valid: 82.89%,Best: 82.8997%,
Epoch: 135, Loss: 0.5236, Train: 84.16%, Valid: 82.87%,Best: 82.8997%,
Epoch: 136, Loss: 0.5205, Train: 84.24%, Valid: 82.92%,Best: 82.9181%,
Epoch: 137, Loss: 0.5196, Train: 84.29%, Valid: 82.93%,Best: 82.9254%,
Epoch: 138, Loss: 0.5242, Train: 84.29%, Valid: 82.86%,Best: 82.9254%,
Epoch: 139, Loss: 0.5224, Train: 84.33%, Valid: 82.88%,Best: 82.9254%,
Epoch: 140, Loss: 0.5195, Train: 84.35%, Valid: 82.93%,Best: 82.9298%,
Epoch: 141, Loss: 0.5188, Train: 84.35%, Valid: 82.97%,Best: 82.9735%,
Epoch: 142, Loss: 0.5218, Train: 84.37%, Valid: 83.03%,Best: 83.0266%,
Epoch: 143, Loss: 0.5249, Train: 84.38%, Valid: 83.05%,Best: 83.0464%,
Epoch: 144, Loss: 0.5229, Train: 84.40%, Valid: 83.04%,Best: 83.0464%,
Epoch: 145, Loss: 0.5178, Train: 84.39%, Valid: 83.01%,Best: 83.0464%,
Epoch: 146, Loss: 0.5264, Train: 84.36%, Valid: 82.97%,Best: 83.0464%,
Epoch: 147, Loss: 0.5235, Train: 84.41%, Valid: 83.00%,Best: 83.0464%,
Epoch: 148, Loss: 0.5212, Train: 84.42%, Valid: 83.02%,Best: 83.0464%,
Epoch: 149, Loss: 0.5207, Train: 84.30%, Valid: 82.94%,Best: 83.0464%,
Epoch: 150, Loss: 0.5180, Train: 84.38%, Valid: 82.97%,Best: 83.0464%,
Epoch: 151, Loss: 0.5180, Train: 84.41%, Valid: 82.98%,Best: 83.0464%,
Epoch: 152, Loss: 0.5197, Train: 84.41%, Valid: 82.98%,Best: 83.0464%,
Epoch: 153, Loss: 0.5246, Train: 84.45%, Valid: 83.05%,Best: 83.0534%,
Epoch: 154, Loss: 0.5198, Train: 84.46%, Valid: 83.10%,Best: 83.1025%,
Epoch: 155, Loss: 0.5195, Train: 84.49%, Valid: 83.14%,Best: 83.1381%,
Epoch: 156, Loss: 0.5173, Train: 84.48%, Valid: 83.13%,Best: 83.1381%,
Epoch: 157, Loss: 0.5196, Train: 84.45%, Valid: 83.09%,Best: 83.1381%,
Epoch: 158, Loss: 0.5238, Train: 84.43%, Valid: 83.05%,Best: 83.1381%,
Epoch: 159, Loss: 0.5247, Train: 84.45%, Valid: 83.07%,Best: 83.1381%,
Epoch: 160, Loss: 0.5272, Train: 84.45%, Valid: 83.08%,Best: 83.1381%,
Epoch: 161, Loss: 0.5179, Train: 84.44%, Valid: 83.07%,Best: 83.1381%,
Epoch: 162, Loss: 0.5201, Train: 84.45%, Valid: 83.06%,Best: 83.1381%,
Epoch: 163, Loss: 0.5168, Train: 84.43%, Valid: 83.04%,Best: 83.1381%,
Epoch: 164, Loss: 0.5212, Train: 84.45%, Valid: 83.06%,Best: 83.1381%,
Epoch: 165, Loss: 0.5223, Train: 84.49%, Valid: 83.08%,Best: 83.1381%,
Epoch: 166, Loss: 0.5212, Train: 84.52%, Valid: 83.11%,Best: 83.1381%,
Epoch: 167, Loss: 0.5224, Train: 84.54%, Valid: 83.15%,Best: 83.1470%,
Epoch: 168, Loss: 0.5140, Train: 84.52%, Valid: 83.12%,Best: 83.1470%,
Epoch: 169, Loss: 0.5192, Train: 84.53%, Valid: 83.11%,Best: 83.1470%,
Epoch: 170, Loss: 0.5166, Train: 84.52%, Valid: 83.08%,Best: 83.1470%,
Epoch: 171, Loss: 0.5215, Train: 84.55%, Valid: 83.11%,Best: 83.1470%,
Epoch: 172, Loss: 0.5166, Train: 84.57%, Valid: 83.13%,Best: 83.1470%,
Epoch: 173, Loss: 0.5192, Train: 84.56%, Valid: 83.15%,Best: 83.1470%,
Epoch: 174, Loss: 0.5210, Train: 84.58%, Valid: 83.19%,Best: 83.1888%,
Epoch: 175, Loss: 0.5235, Train: 84.60%, Valid: 83.23%,Best: 83.2277%,
Epoch: 176, Loss: 0.5216, Train: 84.59%, Valid: 83.23%,Best: 83.2285%,
Epoch: 177, Loss: 0.5203, Train: 84.59%, Valid: 83.21%,Best: 83.2285%,
Epoch: 178, Loss: 0.5218, Train: 84.61%, Valid: 83.21%,Best: 83.2285%,
Epoch: 179, Loss: 0.5174, Train: 84.61%, Valid: 83.19%,Best: 83.2285%,
Epoch: 180, Loss: 0.5136, Train: 84.60%, Valid: 83.19%,Best: 83.2285%,
Epoch: 181, Loss: 0.5144, Train: 84.65%, Valid: 83.25%,Best: 83.2535%,
Epoch: 182, Loss: 0.5266, Train: 84.66%, Valid: 83.30%,Best: 83.3012%,
Epoch: 183, Loss: 0.5152, Train: 84.67%, Valid: 83.33%,Best: 83.3263%,
Epoch: 184, Loss: 0.5188, Train: 84.65%, Valid: 83.31%,Best: 83.3263%,
Epoch: 185, Loss: 0.5181, Train: 84.65%, Valid: 83.28%,Best: 83.3263%,
Epoch: 186, Loss: 0.5178, Train: 84.68%, Valid: 83.26%,Best: 83.3263%,
Epoch: 187, Loss: 0.5226, Train: 84.68%, Valid: 83.23%,Best: 83.3263%,
Epoch: 188, Loss: 0.5198, Train: 84.66%, Valid: 83.21%,Best: 83.3263%,
Epoch: 189, Loss: 0.5185, Train: 84.62%, Valid: 83.20%,Best: 83.3263%,
Epoch: 190, Loss: 0.5223, Train: 84.63%, Valid: 83.22%,Best: 83.3263%,
Epoch: 191, Loss: 0.5144, Train: 84.67%, Valid: 83.25%,Best: 83.3263%,
Epoch: 192, Loss: 0.5206, Train: 84.65%, Valid: 83.22%,Best: 83.3263%,
Epoch: 193, Loss: 0.5183, Train: 84.66%, Valid: 83.23%,Best: 83.3263%,
Epoch: 194, Loss: 0.5095, Train: 84.70%, Valid: 83.27%,Best: 83.3263%,
Epoch: 195, Loss: 0.5187, Train: 84.72%, Valid: 83.31%,Best: 83.3263%,
Epoch: 196, Loss: 0.5200, Train: 84.75%, Valid: 83.33%,Best: 83.3347%,
Epoch: 197, Loss: 0.5171, Train: 84.74%, Valid: 83.31%,Best: 83.3347%,
Epoch: 198, Loss: 0.5189, Train: 84.75%, Valid: 83.31%,Best: 83.3347%,
Epoch: 199, Loss: 0.5184, Train: 84.69%, Valid: 83.26%,Best: 83.3347%,
Epoch: 200, Loss: 0.5153, Train: 84.74%, Valid: 83.27%,Best: 83.3347%,
test_auc: 0.8417937978079115
