nohup: ignoring input
Namespace(dataset='DGraphFin', device=2, epochs=200, fold=0, log_steps=10, model='mlp', runs=10, use_embeddings=False)
result_dir: ./model_results/DGraphFin/mlp
Model mlp initialized
2562
Run: 01, Epoch: 10, Loss: 0.0903, Train: 63.772%, Valid: 64.145% Test: 63.447%
Run: 01, Epoch: 20, Loss: 0.0902, Train: 68.900%, Valid: 68.369% Test: 68.698%
Run: 01, Epoch: 30, Loss: 0.0756, Train: 69.942%, Valid: 69.127% Test: 69.764%
Run: 01, Epoch: 40, Loss: 0.0663, Train: 69.644%, Valid: 69.115% Test: 69.487%
Run: 01, Epoch: 50, Loss: 0.0653, Train: 69.886%, Valid: 69.263% Test: 69.737%
Run: 01, Epoch: 60, Loss: 0.0643, Train: 71.065%, Valid: 70.405% Test: 70.795%
Run: 01, Epoch: 70, Loss: 0.0643, Train: 71.401%, Valid: 70.610% Test: 71.129%
Run: 01, Epoch: 80, Loss: 0.0640, Train: 71.543%, Valid: 70.780% Test: 71.297%
Run: 01, Epoch: 90, Loss: 0.0640, Train: 71.690%, Valid: 70.960% Test: 71.441%
Run: 01, Epoch: 100, Loss: 0.0639, Train: 71.822%, Valid: 71.037% Test: 71.567%
Run: 01, Epoch: 110, Loss: 0.0639, Train: 71.902%, Valid: 71.122% Test: 71.646%
Run: 01, Epoch: 120, Loss: 0.0638, Train: 71.951%, Valid: 71.135% Test: 71.690%
Run: 01, Epoch: 130, Loss: 0.0638, Train: 72.001%, Valid: 71.145% Test: 71.721%
Run: 01, Epoch: 140, Loss: 0.0638, Train: 72.035%, Valid: 71.191% Test: 71.746%
Run: 01, Epoch: 150, Loss: 0.0638, Train: 72.069%, Valid: 71.209% Test: 71.775%
Run: 01, Epoch: 160, Loss: 0.0638, Train: 72.107%, Valid: 71.229% Test: 71.809%
Run: 01, Epoch: 170, Loss: 0.0637, Train: 72.135%, Valid: 71.250% Test: 71.830%
Run: 01, Epoch: 180, Loss: 0.0637, Train: 72.176%, Valid: 71.298% Test: 71.869%
Run: 01, Epoch: 190, Loss: 0.0637, Train: 72.202%, Valid: 71.322% Test: 71.900%
Run: 01, Epoch: 200, Loss: 0.0637, Train: 72.228%, Valid: 71.334% Test: 71.916%
Run 01:
Highest Train: 72.23
Highest Valid: 71.33
  Final Train: 72.23
   Final Test: 71.91
2562
Run: 02, Epoch: 10, Loss: 0.0915, Train: 64.396%, Valid: 64.988% Test: 64.190%
Run: 02, Epoch: 20, Loss: 0.0871, Train: 68.319%, Valid: 68.071% Test: 68.308%
Run: 02, Epoch: 30, Loss: 0.0739, Train: 69.954%, Valid: 69.273% Test: 69.690%
Run: 02, Epoch: 40, Loss: 0.0658, Train: 69.980%, Valid: 69.568% Test: 69.868%
Run: 02, Epoch: 50, Loss: 0.0652, Train: 70.280%, Valid: 69.814% Test: 70.346%
Run: 02, Epoch: 60, Loss: 0.0645, Train: 70.438%, Valid: 69.946% Test: 70.447%
Run: 02, Epoch: 70, Loss: 0.0643, Train: 71.146%, Valid: 70.443% Test: 71.070%
Run: 02, Epoch: 80, Loss: 0.0642, Train: 71.178%, Valid: 70.470% Test: 71.111%
Run: 02, Epoch: 90, Loss: 0.0641, Train: 71.275%, Valid: 70.562% Test: 71.210%
Run: 02, Epoch: 100, Loss: 0.0640, Train: 71.415%, Valid: 70.685% Test: 71.314%
Run: 02, Epoch: 110, Loss: 0.0640, Train: 71.528%, Valid: 70.808% Test: 71.420%
Run: 02, Epoch: 120, Loss: 0.0640, Train: 71.610%, Valid: 70.865% Test: 71.486%
Run: 02, Epoch: 130, Loss: 0.0639, Train: 71.690%, Valid: 70.937% Test: 71.556%
Run: 02, Epoch: 140, Loss: 0.0639, Train: 71.764%, Valid: 71.000% Test: 71.617%
Run: 02, Epoch: 150, Loss: 0.0639, Train: 71.826%, Valid: 71.055% Test: 71.668%
Run: 02, Epoch: 160, Loss: 0.0638, Train: 71.880%, Valid: 71.095% Test: 71.715%
Run: 02, Epoch: 170, Loss: 0.0638, Train: 71.931%, Valid: 71.121% Test: 71.749%
Run: 02, Epoch: 180, Loss: 0.0638, Train: 71.981%, Valid: 71.157% Test: 71.795%
Run: 02, Epoch: 190, Loss: 0.0638, Train: 72.033%, Valid: 71.195% Test: 71.822%
Run: 02, Epoch: 200, Loss: 0.0637, Train: 72.072%, Valid: 71.228% Test: 71.854%
Run 02:
Highest Train: 72.07
Highest Valid: 71.23
  Final Train: 72.07
   Final Test: 71.85
2562
Run: 03, Epoch: 10, Loss: 0.0869, Train: 65.064%, Valid: 65.397% Test: 64.722%
Run: 03, Epoch: 20, Loss: 0.0988, Train: 68.896%, Valid: 68.368% Test: 68.603%
Run: 03, Epoch: 30, Loss: 0.0808, Train: 70.441%, Valid: 69.662% Test: 70.204%
Run: 03, Epoch: 40, Loss: 0.0677, Train: 70.476%, Valid: 69.790% Test: 70.319%
Run: 03, Epoch: 50, Loss: 0.0654, Train: 69.596%, Valid: 68.883% Test: 69.564%
Run: 03, Epoch: 60, Loss: 0.0646, Train: 70.364%, Valid: 69.710% Test: 70.182%
Run: 03, Epoch: 70, Loss: 0.0645, Train: 71.066%, Valid: 70.279% Test: 70.808%
Run: 03, Epoch: 80, Loss: 0.0642, Train: 71.152%, Valid: 70.395% Test: 70.913%
Run: 03, Epoch: 90, Loss: 0.0641, Train: 71.376%, Valid: 70.606% Test: 71.134%
Run: 03, Epoch: 100, Loss: 0.0640, Train: 71.544%, Valid: 70.732% Test: 71.258%
Run: 03, Epoch: 110, Loss: 0.0640, Train: 71.656%, Valid: 70.832% Test: 71.367%
Run: 03, Epoch: 120, Loss: 0.0639, Train: 71.771%, Valid: 70.904% Test: 71.480%
Run: 03, Epoch: 130, Loss: 0.0639, Train: 71.840%, Valid: 70.962% Test: 71.533%
Run: 03, Epoch: 140, Loss: 0.0639, Train: 71.923%, Valid: 71.043% Test: 71.625%
Run: 03, Epoch: 150, Loss: 0.0638, Train: 71.974%, Valid: 71.098% Test: 71.683%
Run: 03, Epoch: 160, Loss: 0.0638, Train: 72.010%, Valid: 71.121% Test: 71.741%
Run: 03, Epoch: 170, Loss: 0.0638, Train: 72.047%, Valid: 71.151% Test: 71.778%
Run: 03, Epoch: 180, Loss: 0.0638, Train: 72.079%, Valid: 71.173% Test: 71.822%
Run: 03, Epoch: 190, Loss: 0.0637, Train: 72.111%, Valid: 71.200% Test: 71.844%
Run: 03, Epoch: 200, Loss: 0.0637, Train: 72.137%, Valid: 71.212% Test: 71.868%
Run 03:
Highest Train: 72.14
Highest Valid: 71.21
  Final Train: 72.14
   Final Test: 71.87
2562
Run: 04, Epoch: 10, Loss: 0.0896, Train: 61.346%, Valid: 61.753% Test: 61.193%
Run: 04, Epoch: 20, Loss: 0.0912, Train: 69.303%, Valid: 68.624% Test: 69.090%
Run: 04, Epoch: 30, Loss: 0.0778, Train: 69.924%, Valid: 69.171% Test: 69.630%
Run: 04, Epoch: 40, Loss: 0.0676, Train: 70.087%, Valid: 69.488% Test: 70.032%
Run: 04, Epoch: 50, Loss: 0.0656, Train: 69.836%, Valid: 69.256% Test: 69.989%
Run: 04, Epoch: 60, Loss: 0.0650, Train: 69.762%, Valid: 69.237% Test: 69.751%
Run: 04, Epoch: 70, Loss: 0.0646, Train: 71.029%, Valid: 70.328% Test: 70.925%
Run: 04, Epoch: 80, Loss: 0.0644, Train: 71.108%, Valid: 70.434% Test: 71.005%
Run: 04, Epoch: 90, Loss: 0.0643, Train: 71.131%, Valid: 70.487% Test: 71.012%
Run: 04, Epoch: 100, Loss: 0.0642, Train: 71.319%, Valid: 70.648% Test: 71.172%
Run: 04, Epoch: 110, Loss: 0.0641, Train: 71.426%, Valid: 70.733% Test: 71.258%
Run: 04, Epoch: 120, Loss: 0.0640, Train: 71.511%, Valid: 70.798% Test: 71.330%
Run: 04, Epoch: 130, Loss: 0.0640, Train: 71.598%, Valid: 70.874% Test: 71.412%
Run: 04, Epoch: 140, Loss: 0.0639, Train: 71.698%, Valid: 70.950% Test: 71.487%
Run: 04, Epoch: 150, Loss: 0.0639, Train: 71.773%, Valid: 71.014% Test: 71.546%
Run: 04, Epoch: 160, Loss: 0.0639, Train: 71.846%, Valid: 71.070% Test: 71.593%
Run: 04, Epoch: 170, Loss: 0.0638, Train: 71.906%, Valid: 71.119% Test: 71.651%
Run: 04, Epoch: 180, Loss: 0.0638, Train: 71.953%, Valid: 71.147% Test: 71.688%
Run: 04, Epoch: 190, Loss: 0.0638, Train: 72.009%, Valid: 71.181% Test: 71.741%
Run: 04, Epoch: 200, Loss: 0.0638, Train: 72.061%, Valid: 71.240% Test: 71.797%
Run 04:
Highest Train: 72.06
Highest Valid: 71.24
  Final Train: 72.06
   Final Test: 71.80
2562
Run: 05, Epoch: 10, Loss: 0.0884, Train: 61.230%, Valid: 61.932% Test: 60.942%
Run: 05, Epoch: 20, Loss: 0.0996, Train: 66.033%, Valid: 66.189% Test: 65.875%
Run: 05, Epoch: 30, Loss: 0.0810, Train: 69.686%, Valid: 68.994% Test: 69.635%
Run: 05, Epoch: 40, Loss: 0.0685, Train: 69.899%, Valid: 69.168% Test: 69.842%
Run: 05, Epoch: 50, Loss: 0.0653, Train: 68.612%, Valid: 68.187% Test: 68.624%
Run: 05, Epoch: 60, Loss: 0.0650, Train: 69.930%, Valid: 69.363% Test: 69.909%
Run: 05, Epoch: 70, Loss: 0.0645, Train: 70.847%, Valid: 70.104% Test: 70.702%
Run: 05, Epoch: 80, Loss: 0.0643, Train: 71.013%, Valid: 70.281% Test: 70.857%
Run: 05, Epoch: 90, Loss: 0.0642, Train: 71.050%, Valid: 70.360% Test: 70.872%
Run: 05, Epoch: 100, Loss: 0.0641, Train: 71.314%, Valid: 70.616% Test: 71.133%
Run: 05, Epoch: 110, Loss: 0.0640, Train: 71.456%, Valid: 70.714% Test: 71.247%
Run: 05, Epoch: 120, Loss: 0.0640, Train: 71.553%, Valid: 70.793% Test: 71.377%
Run: 05, Epoch: 130, Loss: 0.0639, Train: 71.633%, Valid: 70.841% Test: 71.457%
Run: 05, Epoch: 140, Loss: 0.0639, Train: 71.699%, Valid: 70.888% Test: 71.511%
Run: 05, Epoch: 150, Loss: 0.0639, Train: 71.751%, Valid: 70.925% Test: 71.551%
Run: 05, Epoch: 160, Loss: 0.0639, Train: 71.806%, Valid: 70.983% Test: 71.604%
Run: 05, Epoch: 170, Loss: 0.0638, Train: 71.874%, Valid: 71.061% Test: 71.689%
Run: 05, Epoch: 180, Loss: 0.0638, Train: 71.921%, Valid: 71.104% Test: 71.727%
Run: 05, Epoch: 190, Loss: 0.0638, Train: 71.958%, Valid: 71.144% Test: 71.757%
Run: 05, Epoch: 200, Loss: 0.0638, Train: 71.995%, Valid: 71.177% Test: 71.790%
Run 05:
Highest Train: 71.99
Highest Valid: 71.18
  Final Train: 71.99
   Final Test: 71.79
2562
Run: 06, Epoch: 10, Loss: 0.0910, Train: 62.123%, Valid: 62.727% Test: 61.739%
Run: 06, Epoch: 20, Loss: 0.0909, Train: 68.298%, Valid: 68.090% Test: 67.895%
Run: 06, Epoch: 30, Loss: 0.0734, Train: 70.802%, Valid: 70.058% Test: 70.639%
Run: 06, Epoch: 40, Loss: 0.0654, Train: 67.926%, Valid: 67.545% Test: 67.881%
Run: 06, Epoch: 50, Loss: 0.0654, Train: 70.487%, Valid: 69.820% Test: 70.399%
Run: 06, Epoch: 60, Loss: 0.0645, Train: 71.057%, Valid: 70.331% Test: 70.882%
Run: 06, Epoch: 70, Loss: 0.0642, Train: 71.405%, Valid: 70.620% Test: 71.299%
Run: 06, Epoch: 80, Loss: 0.0641, Train: 71.476%, Valid: 70.730% Test: 71.323%
Run: 06, Epoch: 90, Loss: 0.0640, Train: 71.699%, Valid: 70.909% Test: 71.560%
Run: 06, Epoch: 100, Loss: 0.0639, Train: 71.806%, Valid: 70.998% Test: 71.632%
Run: 06, Epoch: 110, Loss: 0.0639, Train: 71.862%, Valid: 71.069% Test: 71.678%
Run: 06, Epoch: 120, Loss: 0.0638, Train: 71.920%, Valid: 71.104% Test: 71.753%
Run: 06, Epoch: 130, Loss: 0.0638, Train: 71.956%, Valid: 71.119% Test: 71.760%
Run: 06, Epoch: 140, Loss: 0.0638, Train: 71.990%, Valid: 71.149% Test: 71.783%
Run: 06, Epoch: 150, Loss: 0.0638, Train: 72.023%, Valid: 71.173% Test: 71.814%
Run: 06, Epoch: 160, Loss: 0.0638, Train: 72.067%, Valid: 71.203% Test: 71.848%
Run: 06, Epoch: 170, Loss: 0.0637, Train: 72.102%, Valid: 71.222% Test: 71.880%
Run: 06, Epoch: 180, Loss: 0.0637, Train: 72.130%, Valid: 71.248% Test: 71.901%
Run: 06, Epoch: 190, Loss: 0.0637, Train: 72.174%, Valid: 71.288% Test: 71.941%
Run: 06, Epoch: 200, Loss: 0.0637, Train: 72.216%, Valid: 71.339% Test: 71.984%
Run 06:
Highest Train: 72.22
Highest Valid: 71.34
  Final Train: 72.21
   Final Test: 71.98
2562
Run: 07, Epoch: 10, Loss: 0.0857, Train: 64.922%, Valid: 65.330% Test: 64.694%
Run: 07, Epoch: 20, Loss: 0.0975, Train: 66.453%, Valid: 66.699% Test: 66.303%
Run: 07, Epoch: 30, Loss: 0.0770, Train: 69.049%, Valid: 68.645% Test: 69.228%
Run: 07, Epoch: 40, Loss: 0.0658, Train: 70.280%, Valid: 69.725% Test: 70.511%
Run: 07, Epoch: 50, Loss: 0.0656, Train: 69.594%, Valid: 68.962% Test: 69.792%
Run: 07, Epoch: 60, Loss: 0.0644, Train: 70.817%, Valid: 70.290% Test: 70.783%
Run: 07, Epoch: 70, Loss: 0.0644, Train: 71.235%, Valid: 70.566% Test: 71.133%
Run: 07, Epoch: 80, Loss: 0.0642, Train: 71.165%, Valid: 70.543% Test: 71.061%
Run: 07, Epoch: 90, Loss: 0.0641, Train: 71.434%, Valid: 70.736% Test: 71.295%
Run: 07, Epoch: 100, Loss: 0.0640, Train: 71.549%, Valid: 70.839% Test: 71.376%
Run: 07, Epoch: 110, Loss: 0.0639, Train: 71.653%, Valid: 70.934% Test: 71.455%
Run: 07, Epoch: 120, Loss: 0.0639, Train: 71.769%, Valid: 71.019% Test: 71.555%
Run: 07, Epoch: 130, Loss: 0.0639, Train: 71.843%, Valid: 71.061% Test: 71.620%
Run: 07, Epoch: 140, Loss: 0.0638, Train: 71.908%, Valid: 71.145% Test: 71.688%
Run: 07, Epoch: 150, Loss: 0.0638, Train: 71.969%, Valid: 71.191% Test: 71.729%
Run: 07, Epoch: 160, Loss: 0.0638, Train: 72.044%, Valid: 71.276% Test: 71.819%
Run: 07, Epoch: 170, Loss: 0.0637, Train: 72.110%, Valid: 71.340% Test: 71.884%
Run: 07, Epoch: 180, Loss: 0.0637, Train: 72.158%, Valid: 71.385% Test: 71.921%
Run: 07, Epoch: 190, Loss: 0.0637, Train: 72.203%, Valid: 71.422% Test: 71.961%
Run: 07, Epoch: 200, Loss: 0.0637, Train: 72.248%, Valid: 71.463% Test: 71.986%
Run 07:
Highest Train: 72.25
Highest Valid: 71.46
  Final Train: 72.25
   Final Test: 71.99
2562
Run: 08, Epoch: 10, Loss: 0.0891, Train: 64.973%, Valid: 65.275% Test: 64.528%
Run: 08, Epoch: 20, Loss: 0.0945, Train: 67.144%, Valid: 67.159% Test: 66.786%
Run: 08, Epoch: 30, Loss: 0.0702, Train: 69.820%, Valid: 69.181% Test: 69.545%
Run: 08, Epoch: 40, Loss: 0.0654, Train: 66.528%, Valid: 66.229% Test: 66.545%
Run: 08, Epoch: 50, Loss: 0.0646, Train: 70.599%, Valid: 69.924% Test: 70.543%
Run: 08, Epoch: 60, Loss: 0.0646, Train: 70.881%, Valid: 70.217% Test: 70.760%
Run: 08, Epoch: 70, Loss: 0.0643, Train: 70.918%, Valid: 70.269% Test: 70.816%
Run: 08, Epoch: 80, Loss: 0.0641, Train: 71.192%, Valid: 70.500% Test: 71.062%
Run: 08, Epoch: 90, Loss: 0.0640, Train: 71.380%, Valid: 70.653% Test: 71.224%
Run: 08, Epoch: 100, Loss: 0.0640, Train: 71.533%, Valid: 70.783% Test: 71.381%
Run: 08, Epoch: 110, Loss: 0.0639, Train: 71.649%, Valid: 70.896% Test: 71.487%
Run: 08, Epoch: 120, Loss: 0.0639, Train: 71.750%, Valid: 70.996% Test: 71.604%
Run: 08, Epoch: 130, Loss: 0.0638, Train: 71.820%, Valid: 71.040% Test: 71.677%
Run: 08, Epoch: 140, Loss: 0.0638, Train: 71.872%, Valid: 71.084% Test: 71.733%
Run: 08, Epoch: 150, Loss: 0.0638, Train: 71.929%, Valid: 71.141% Test: 71.776%
Run: 08, Epoch: 160, Loss: 0.0638, Train: 71.980%, Valid: 71.172% Test: 71.818%
Run: 08, Epoch: 170, Loss: 0.0638, Train: 72.021%, Valid: 71.199% Test: 71.858%
Run: 08, Epoch: 180, Loss: 0.0637, Train: 72.061%, Valid: 71.237% Test: 71.891%
Run: 08, Epoch: 190, Loss: 0.0637, Train: 72.103%, Valid: 71.280% Test: 71.934%
Run: 08, Epoch: 200, Loss: 0.0637, Train: 72.134%, Valid: 71.315% Test: 71.968%
Run 08:
Highest Train: 72.13
Highest Valid: 71.31
  Final Train: 72.13
   Final Test: 71.97
2562
Run: 09, Epoch: 10, Loss: 0.0896, Train: 62.778%, Valid: 63.280% Test: 62.542%
Run: 09, Epoch: 20, Loss: 0.0937, Train: 66.572%, Valid: 66.496% Test: 66.365%
Run: 09, Epoch: 30, Loss: 0.0770, Train: 69.737%, Valid: 68.908% Test: 69.452%
Run: 09, Epoch: 40, Loss: 0.0658, Train: 69.026%, Valid: 68.522% Test: 68.971%
Run: 09, Epoch: 50, Loss: 0.0657, Train: 69.767%, Valid: 69.067% Test: 69.774%
Run: 09, Epoch: 60, Loss: 0.0646, Train: 70.560%, Valid: 69.883% Test: 70.419%
Run: 09, Epoch: 70, Loss: 0.0645, Train: 71.028%, Valid: 70.245% Test: 70.806%
Run: 09, Epoch: 80, Loss: 0.0643, Train: 71.046%, Valid: 70.316% Test: 70.845%
Run: 09, Epoch: 90, Loss: 0.0642, Train: 71.324%, Valid: 70.562% Test: 71.106%
Run: 09, Epoch: 100, Loss: 0.0641, Train: 71.470%, Valid: 70.697% Test: 71.216%
Run: 09, Epoch: 110, Loss: 0.0640, Train: 71.591%, Valid: 70.786% Test: 71.331%
Run: 09, Epoch: 120, Loss: 0.0639, Train: 71.718%, Valid: 70.878% Test: 71.430%
Run: 09, Epoch: 130, Loss: 0.0639, Train: 71.827%, Valid: 70.961% Test: 71.555%
Run: 09, Epoch: 140, Loss: 0.0638, Train: 71.909%, Valid: 71.012% Test: 71.658%
Run: 09, Epoch: 150, Loss: 0.0638, Train: 71.956%, Valid: 71.036% Test: 71.723%
Run: 09, Epoch: 160, Loss: 0.0638, Train: 72.012%, Valid: 71.098% Test: 71.779%
Run: 09, Epoch: 170, Loss: 0.0637, Train: 72.059%, Valid: 71.140% Test: 71.825%
Run: 09, Epoch: 180, Loss: 0.0637, Train: 72.092%, Valid: 71.178% Test: 71.855%
Run: 09, Epoch: 190, Loss: 0.0637, Train: 72.121%, Valid: 71.207% Test: 71.880%
Run: 09, Epoch: 200, Loss: 0.0637, Train: 72.153%, Valid: 71.229% Test: 71.910%
Run 09:
Highest Train: 72.15
Highest Valid: 71.23
  Final Train: 72.15
   Final Test: 71.91
2562
Run: 10, Epoch: 10, Loss: 0.0932, Train: 61.488%, Valid: 62.137% Test: 61.167%
Run: 10, Epoch: 20, Loss: 0.0889, Train: 67.061%, Valid: 67.126% Test: 66.980%
Run: 10, Epoch: 30, Loss: 0.0753, Train: 69.594%, Valid: 69.019% Test: 69.526%
Run: 10, Epoch: 40, Loss: 0.0659, Train: 69.943%, Valid: 69.472% Test: 70.065%
Run: 10, Epoch: 50, Loss: 0.0656, Train: 69.910%, Valid: 69.394% Test: 70.054%
Run: 10, Epoch: 60, Loss: 0.0646, Train: 70.474%, Valid: 69.970% Test: 70.477%
Run: 10, Epoch: 70, Loss: 0.0645, Train: 71.108%, Valid: 70.412% Test: 70.990%
Run: 10, Epoch: 80, Loss: 0.0643, Train: 71.122%, Valid: 70.465% Test: 71.002%
Run: 10, Epoch: 90, Loss: 0.0642, Train: 71.253%, Valid: 70.581% Test: 71.126%
Run: 10, Epoch: 100, Loss: 0.0641, Train: 71.426%, Valid: 70.706% Test: 71.253%
Run: 10, Epoch: 110, Loss: 0.0641, Train: 71.525%, Valid: 70.783% Test: 71.321%
/home1/hxh/miniconda3/envs/dgraph_baseline/lib/python3.8/site-packages/torch_sparse/tensor.py:290: UserWarning: This overload of nonzero is deprecated:
	nonzero()
Consider using one of the following signatures instead:
	nonzero(*, bool as_tuple) (Triggered internally at  /opt/conda/conda-bld/pytorch_1595629395347/work/torch/csrc/utils/python_arg_parser.cpp:766.)
  ptr = mask.nonzero().flatten()
Run: 10, Epoch: 120, Loss: 0.0640, Train: 71.619%, Valid: 70.869% Test: 71.423%
Run: 10, Epoch: 130, Loss: 0.0640, Train: 71.693%, Valid: 70.932% Test: 71.482%
Run: 10, Epoch: 140, Loss: 0.0639, Train: 71.754%, Valid: 70.971% Test: 71.530%
Run: 10, Epoch: 150, Loss: 0.0639, Train: 71.807%, Valid: 71.018% Test: 71.575%
Run: 10, Epoch: 160, Loss: 0.0639, Train: 71.850%, Valid: 71.059% Test: 71.620%
Run: 10, Epoch: 170, Loss: 0.0639, Train: 71.889%, Valid: 71.085% Test: 71.658%
Run: 10, Epoch: 180, Loss: 0.0638, Train: 71.924%, Valid: 71.110% Test: 71.690%
Run: 10, Epoch: 190, Loss: 0.0638, Train: 71.962%, Valid: 71.131% Test: 71.717%
Run: 10, Epoch: 200, Loss: 0.0638, Train: 71.995%, Valid: 71.160% Test: 71.743%
Run 10:
Highest Train: 71.99
Highest Valid: 71.16
  Final Train: 71.99
   Final Test: 71.74
All runs:
Highest Train: 72.1239 ± 0.0918
Highest Valid: 71.2699 ± 0.0924
  Final Train: 72.1234 ± 0.0912
   Final Test: 71.8815 ± 0.0858
final_results: {'train': 72.1234, 'train_std': 0.0912, 'valid': 71.2699, 'valid_std': 0.0924, 'test': 71.8815, 'test_std': 0.0858}
