nohup: ignoring input
Namespace(dataset='DGraphFin', device=1, epochs=200, fold=0, log_steps=10, model='sage', runs=10, use_embeddings=False)
result_dir: ./model_results/DGraphFin/sage
Model sage initialized
4994
Run: 01, Epoch: 10, Loss: 0.1224, Train: 64.562%, Valid: 64.581% Test: 64.443%
Run: 01, Epoch: 20, Loss: 0.1015, Train: 68.031%, Valid: 67.764% Test: 67.818%
Run: 01, Epoch: 30, Loss: 0.0721, Train: 70.700%, Valid: 69.948% Test: 70.358%
Run: 01, Epoch: 40, Loss: 0.0667, Train: 68.821%, Valid: 68.238% Test: 68.753%
Run: 01, Epoch: 50, Loss: 0.0651, Train: 70.601%, Valid: 70.113% Test: 70.716%
Run: 01, Epoch: 60, Loss: 0.0639, Train: 72.785%, Valid: 71.762% Test: 72.331%
Run: 01, Epoch: 70, Loss: 0.0635, Train: 73.551%, Valid: 72.496% Test: 73.090%
Run: 01, Epoch: 80, Loss: 0.0631, Train: 74.163%, Valid: 73.090% Test: 73.685%
Run: 01, Epoch: 90, Loss: 0.0629, Train: 74.727%, Valid: 73.617% Test: 74.223%
Run: 01, Epoch: 100, Loss: 0.0626, Train: 75.180%, Valid: 74.049% Test: 74.665%
Run: 01, Epoch: 110, Loss: 0.0625, Train: 75.546%, Valid: 74.409% Test: 75.050%
Run: 01, Epoch: 120, Loss: 0.0623, Train: 75.837%, Valid: 74.698% Test: 75.356%
Run: 01, Epoch: 130, Loss: 0.0622, Train: 76.069%, Valid: 74.934% Test: 75.604%
Run: 01, Epoch: 140, Loss: 0.0621, Train: 76.251%, Valid: 75.108% Test: 75.801%
Run: 01, Epoch: 150, Loss: 0.0620, Train: 76.390%, Valid: 75.230% Test: 75.941%
Run: 01, Epoch: 160, Loss: 0.0619, Train: 76.504%, Valid: 75.335% Test: 76.050%
Run: 01, Epoch: 170, Loss: 0.0619, Train: 76.602%, Valid: 75.424% Test: 76.145%
Run: 01, Epoch: 180, Loss: 0.0618, Train: 76.693%, Valid: 75.508% Test: 76.236%
Run: 01, Epoch: 190, Loss: 0.0618, Train: 76.779%, Valid: 75.585% Test: 76.325%
Run: 01, Epoch: 200, Loss: 0.0618, Train: 76.860%, Valid: 75.655% Test: 76.402%
Run 01:
Highest Train: 76.86
Highest Valid: 75.65
  Final Train: 76.86
   Final Test: 76.40
4994
Run: 02, Epoch: 10, Loss: 0.1233, Train: 62.929%, Valid: 63.071% Test: 62.953%
Run: 02, Epoch: 20, Loss: 0.1090, Train: 67.561%, Valid: 67.228% Test: 67.382%
Run: 02, Epoch: 30, Loss: 0.0755, Train: 70.154%, Valid: 69.371% Test: 69.708%
Run: 02, Epoch: 40, Loss: 0.0680, Train: 69.503%, Valid: 68.627% Test: 68.918%
Run: 02, Epoch: 50, Loss: 0.0654, Train: 70.254%, Valid: 69.782% Test: 70.147%
Run: 02, Epoch: 60, Loss: 0.0643, Train: 72.045%, Valid: 71.224% Test: 71.688%
Run: 02, Epoch: 70, Loss: 0.0637, Train: 73.040%, Valid: 72.095% Test: 72.572%
Run: 02, Epoch: 80, Loss: 0.0634, Train: 73.764%, Valid: 72.759% Test: 73.290%
Run: 02, Epoch: 90, Loss: 0.0631, Train: 74.235%, Valid: 73.222% Test: 73.743%
Run: 02, Epoch: 100, Loss: 0.0629, Train: 74.654%, Valid: 73.630% Test: 74.160%
Run: 02, Epoch: 110, Loss: 0.0627, Train: 74.977%, Valid: 73.894% Test: 74.435%
Run: 02, Epoch: 120, Loss: 0.0626, Train: 75.259%, Valid: 74.151% Test: 74.711%
Run: 02, Epoch: 130, Loss: 0.0625, Train: 75.503%, Valid: 74.376% Test: 74.940%
Run: 02, Epoch: 140, Loss: 0.0623, Train: 75.720%, Valid: 74.587% Test: 75.149%
Run: 02, Epoch: 150, Loss: 0.0623, Train: 75.912%, Valid: 74.773% Test: 75.330%
Run: 02, Epoch: 160, Loss: 0.0622, Train: 76.088%, Valid: 74.948% Test: 75.502%
Run: 02, Epoch: 170, Loss: 0.0621, Train: 76.246%, Valid: 75.102% Test: 75.652%
Run: 02, Epoch: 180, Loss: 0.0620, Train: 76.390%, Valid: 75.239% Test: 75.788%
Run: 02, Epoch: 190, Loss: 0.0619, Train: 76.522%, Valid: 75.367% Test: 75.915%
Run: 02, Epoch: 200, Loss: 0.0619, Train: 76.644%, Valid: 75.486% Test: 76.033%
Run 02:
Highest Train: 76.64
Highest Valid: 75.49
  Final Train: 76.64
   Final Test: 76.03
4994
Run: 03, Epoch: 10, Loss: 0.1267, Train: 62.140%, Valid: 62.310% Test: 62.151%
Run: 03, Epoch: 20, Loss: 0.1148, Train: 66.535%, Valid: 66.357% Test: 66.481%
Run: 03, Epoch: 30, Loss: 0.0757, Train: 68.675%, Valid: 68.170% Test: 68.541%
Run: 03, Epoch: 40, Loss: 0.0688, Train: 68.128%, Valid: 67.464% Test: 67.969%
Run: 03, Epoch: 50, Loss: 0.0663, Train: 68.188%, Valid: 67.914% Test: 68.374%
Run: 03, Epoch: 60, Loss: 0.0644, Train: 71.851%, Valid: 70.857% Test: 71.611%
Run: 03, Epoch: 70, Loss: 0.0638, Train: 72.963%, Valid: 71.903% Test: 72.568%
Run: 03, Epoch: 80, Loss: 0.0634, Train: 73.632%, Valid: 72.555% Test: 73.224%
Run: 03, Epoch: 90, Loss: 0.0631, Train: 74.197%, Valid: 73.103% Test: 73.729%
Run: 03, Epoch: 100, Loss: 0.0629, Train: 74.642%, Valid: 73.503% Test: 74.137%
Run: 03, Epoch: 110, Loss: 0.0627, Train: 75.012%, Valid: 73.827% Test: 74.487%
Run: 03, Epoch: 120, Loss: 0.0625, Train: 75.321%, Valid: 74.116% Test: 74.779%
Run: 03, Epoch: 130, Loss: 0.0624, Train: 75.587%, Valid: 74.366% Test: 75.039%
Run: 03, Epoch: 140, Loss: 0.0623, Train: 75.810%, Valid: 74.572% Test: 75.253%
Run: 03, Epoch: 150, Loss: 0.0622, Train: 75.990%, Valid: 74.743% Test: 75.438%
Run: 03, Epoch: 160, Loss: 0.0621, Train: 76.136%, Valid: 74.878% Test: 75.581%
Run: 03, Epoch: 170, Loss: 0.0621, Train: 76.262%, Valid: 74.990% Test: 75.701%
Run: 03, Epoch: 180, Loss: 0.0620, Train: 76.372%, Valid: 75.079% Test: 75.806%
Run: 03, Epoch: 190, Loss: 0.0619, Train: 76.469%, Valid: 75.154% Test: 75.889%
Run: 03, Epoch: 200, Loss: 0.0619, Train: 76.557%, Valid: 75.226% Test: 75.966%
Run 03:
Highest Train: 76.56
Highest Valid: 75.23
  Final Train: 76.56
   Final Test: 75.97
4994
Run: 04, Epoch: 10, Loss: 0.1287, Train: 61.598%, Valid: 61.755% Test: 61.573%
Run: 04, Epoch: 20, Loss: 0.1004, Train: 67.578%, Valid: 67.113% Test: 67.541%
Run: 04, Epoch: 30, Loss: 0.0693, Train: 68.572%, Valid: 67.749% Test: 68.354%
Run: 04, Epoch: 40, Loss: 0.0668, Train: 68.566%, Valid: 67.556% Test: 68.119%
Run: 04, Epoch: 50, Loss: 0.0650, Train: 71.418%, Valid: 70.278% Test: 70.877%
Run: 04, Epoch: 60, Loss: 0.0640, Train: 72.527%, Valid: 71.077% Test: 71.791%
Run: 04, Epoch: 70, Loss: 0.0635, Train: 73.474%, Valid: 72.041% Test: 72.824%
Run: 04, Epoch: 80, Loss: 0.0632, Train: 74.031%, Valid: 72.548% Test: 73.393%
Run: 04, Epoch: 90, Loss: 0.0629, Train: 74.510%, Valid: 73.020% Test: 73.900%
Run: 04, Epoch: 100, Loss: 0.0627, Train: 74.875%, Valid: 73.362% Test: 74.233%
Run: 04, Epoch: 110, Loss: 0.0626, Train: 75.193%, Valid: 73.672% Test: 74.551%
Run: 04, Epoch: 120, Loss: 0.0624, Train: 75.475%, Valid: 73.962% Test: 74.831%
Run: 04, Epoch: 130, Loss: 0.0623, Train: 75.731%, Valid: 74.240% Test: 75.090%
Run: 04, Epoch: 140, Loss: 0.0622, Train: 75.964%, Valid: 74.503% Test: 75.328%
Run: 04, Epoch: 150, Loss: 0.0621, Train: 76.176%, Valid: 74.749% Test: 75.542%
Run: 04, Epoch: 160, Loss: 0.0620, Train: 76.367%, Valid: 74.971% Test: 75.733%
Run: 04, Epoch: 170, Loss: 0.0619, Train: 76.536%, Valid: 75.162% Test: 75.897%
Run: 04, Epoch: 180, Loss: 0.0618, Train: 76.689%, Valid: 75.328% Test: 76.038%
Run: 04, Epoch: 190, Loss: 0.0618, Train: 76.825%, Valid: 75.472% Test: 76.160%
Run: 04, Epoch: 200, Loss: 0.0617, Train: 76.947%, Valid: 75.601% Test: 76.273%
Run 04:
Highest Train: 76.95
Highest Valid: 75.60
  Final Train: 76.95
   Final Test: 76.27
4994
Run: 05, Epoch: 10, Loss: 0.1199, Train: 61.329%, Valid: 61.227% Test: 61.474%
Run: 05, Epoch: 20, Loss: 0.0973, Train: 67.927%, Valid: 67.379% Test: 67.753%
Run: 05, Epoch: 30, Loss: 0.0728, Train: 69.892%, Valid: 69.162% Test: 69.533%
Run: 05, Epoch: 40, Loss: 0.0672, Train: 67.340%, Valid: 66.858% Test: 67.182%
Run: 05, Epoch: 50, Loss: 0.0652, Train: 70.195%, Valid: 69.622% Test: 70.007%
Run: 05, Epoch: 60, Loss: 0.0640, Train: 72.417%, Valid: 71.462% Test: 71.886%
Run: 05, Epoch: 70, Loss: 0.0635, Train: 73.434%, Valid: 72.412% Test: 72.884%
Run: 05, Epoch: 80, Loss: 0.0631, Train: 74.214%, Valid: 73.180% Test: 73.690%
Run: 05, Epoch: 90, Loss: 0.0628, Train: 74.759%, Valid: 73.695% Test: 74.239%
Run: 05, Epoch: 100, Loss: 0.0626, Train: 75.211%, Valid: 74.076% Test: 74.641%
Run: 05, Epoch: 110, Loss: 0.0624, Train: 75.587%, Valid: 74.428% Test: 75.020%
Run: 05, Epoch: 120, Loss: 0.0623, Train: 75.892%, Valid: 74.700% Test: 75.314%
Run: 05, Epoch: 130, Loss: 0.0622, Train: 76.125%, Valid: 74.918% Test: 75.552%
Run: 05, Epoch: 140, Loss: 0.0621, Train: 76.315%, Valid: 75.095% Test: 75.748%
Run: 05, Epoch: 150, Loss: 0.0620, Train: 76.462%, Valid: 75.232% Test: 75.899%
Run: 05, Epoch: 160, Loss: 0.0619, Train: 76.585%, Valid: 75.346% Test: 76.022%
Run: 05, Epoch: 170, Loss: 0.0618, Train: 76.697%, Valid: 75.445% Test: 76.130%
Run: 05, Epoch: 180, Loss: 0.0618, Train: 76.801%, Valid: 75.525% Test: 76.226%
Run: 05, Epoch: 190, Loss: 0.0617, Train: 76.900%, Valid: 75.595% Test: 76.312%
Run: 05, Epoch: 200, Loss: 0.0617, Train: 76.996%, Valid: 75.663% Test: 76.396%
Run 05:
Highest Train: 77.00
Highest Valid: 75.66
  Final Train: 77.00
   Final Test: 76.40
4994
Run: 06, Epoch: 10, Loss: 0.1231, Train: 62.523%, Valid: 62.579% Test: 62.502%
Run: 06, Epoch: 20, Loss: 0.1028, Train: 67.833%, Valid: 67.476% Test: 67.794%
Run: 06, Epoch: 30, Loss: 0.0704, Train: 69.890%, Valid: 69.099% Test: 69.582%
Run: 06, Epoch: 40, Loss: 0.0669, Train: 69.033%, Valid: 68.419% Test: 68.805%
Run: 06, Epoch: 50, Loss: 0.0648, Train: 71.664%, Valid: 70.819% Test: 71.303%
Run: 06, Epoch: 60, Loss: 0.0638, Train: 72.969%, Valid: 71.690% Test: 72.417%
Run: 06, Epoch: 70, Loss: 0.0634, Train: 73.646%, Valid: 72.366% Test: 73.118%
Run: 06, Epoch: 80, Loss: 0.0630, Train: 74.204%, Valid: 72.919% Test: 73.721%
Run: 06, Epoch: 90, Loss: 0.0628, Train: 74.624%, Valid: 73.320% Test: 74.146%
Run: 06, Epoch: 100, Loss: 0.0627, Train: 74.980%, Valid: 73.673% Test: 74.508%
Run: 06, Epoch: 110, Loss: 0.0625, Train: 75.221%, Valid: 73.884% Test: 74.755%
Run: 06, Epoch: 120, Loss: 0.0624, Train: 75.446%, Valid: 74.100% Test: 74.992%
Run: 06, Epoch: 130, Loss: 0.0623, Train: 75.641%, Valid: 74.291% Test: 75.192%
Run: 06, Epoch: 140, Loss: 0.0622, Train: 75.815%, Valid: 74.455% Test: 75.368%
Run: 06, Epoch: 150, Loss: 0.0622, Train: 75.975%, Valid: 74.612% Test: 75.530%
Run: 06, Epoch: 160, Loss: 0.0621, Train: 76.127%, Valid: 74.761% Test: 75.678%
Run: 06, Epoch: 170, Loss: 0.0620, Train: 76.268%, Valid: 74.900% Test: 75.812%
Run: 06, Epoch: 180, Loss: 0.0620, Train: 76.403%, Valid: 75.030% Test: 75.937%
Run: 06, Epoch: 190, Loss: 0.0619, Train: 76.530%, Valid: 75.151% Test: 76.056%
Run: 06, Epoch: 200, Loss: 0.0618, Train: 76.648%, Valid: 75.259% Test: 76.161%
Run 06:
Highest Train: 76.65
Highest Valid: 75.26
  Final Train: 76.65
   Final Test: 76.16
4994
Run: 07, Epoch: 10, Loss: 0.1247, Train: 63.353%, Valid: 63.095% Test: 63.112%
Run: 07, Epoch: 20, Loss: 0.1046, Train: 68.546%, Valid: 67.813% Test: 68.145%
Run: 07, Epoch: 30, Loss: 0.0742, Train: 70.007%, Valid: 69.090% Test: 69.459%
Run: 07, Epoch: 40, Loss: 0.0676, Train: 69.125%, Valid: 68.702% Test: 68.815%
Run: 07, Epoch: 50, Loss: 0.0648, Train: 71.206%, Valid: 70.416% Test: 70.731%
Run: 07, Epoch: 60, Loss: 0.0639, Train: 72.689%, Valid: 71.629% Test: 72.105%
Run: 07, Epoch: 70, Loss: 0.0633, Train: 73.686%, Valid: 72.485% Test: 73.050%
Run: 07, Epoch: 80, Loss: 0.0630, Train: 74.382%, Valid: 73.228% Test: 73.776%
Run: 07, Epoch: 90, Loss: 0.0628, Train: 74.866%, Valid: 73.690% Test: 74.280%
Run: 07, Epoch: 100, Loss: 0.0626, Train: 75.263%, Valid: 74.059% Test: 74.664%
Run: 07, Epoch: 110, Loss: 0.0624, Train: 75.581%, Valid: 74.343% Test: 74.990%
Run: 07, Epoch: 120, Loss: 0.0623, Train: 75.879%, Valid: 74.614% Test: 75.297%
Run: 07, Epoch: 130, Loss: 0.0622, Train: 76.118%, Valid: 74.848% Test: 75.534%
Run: 07, Epoch: 140, Loss: 0.0621, Train: 76.307%, Valid: 75.033% Test: 75.717%
Run: 07, Epoch: 150, Loss: 0.0620, Train: 76.457%, Valid: 75.179% Test: 75.859%
Run: 07, Epoch: 160, Loss: 0.0619, Train: 76.574%, Valid: 75.291% Test: 75.965%
Run: 07, Epoch: 170, Loss: 0.0619, Train: 76.673%, Valid: 75.387% Test: 76.056%
Run: 07, Epoch: 180, Loss: 0.0618, Train: 76.763%, Valid: 75.470% Test: 76.138%
Run: 07, Epoch: 190, Loss: 0.0618, Train: 76.846%, Valid: 75.540% Test: 76.216%
Run: 07, Epoch: 200, Loss: 0.0617, Train: 76.925%, Valid: 75.602% Test: 76.292%
Run 07:
Highest Train: 76.92
Highest Valid: 75.60
  Final Train: 76.92
   Final Test: 76.29
4994
Run: 08, Epoch: 10, Loss: 0.1194, Train: 64.308%, Valid: 64.030% Test: 64.079%
Run: 08, Epoch: 20, Loss: 0.1015, Train: 68.674%, Valid: 67.968% Test: 68.292%
Run: 08, Epoch: 30, Loss: 0.0744, Train: 70.403%, Valid: 69.586% Test: 69.899%
Run: 08, Epoch: 40, Loss: 0.0667, Train: 69.606%, Valid: 68.912% Test: 69.232%
Run: 08, Epoch: 50, Loss: 0.0653, Train: 70.024%, Valid: 69.524% Test: 70.026%
Run: 08, Epoch: 60, Loss: 0.0639, Train: 72.731%, Valid: 71.754% Test: 72.414%
Run: 08, Epoch: 70, Loss: 0.0635, Train: 73.691%, Valid: 72.587% Test: 73.262%
Run: 08, Epoch: 80, Loss: 0.0631, Train: 74.340%, Valid: 73.205% Test: 73.921%
Run: 08, Epoch: 90, Loss: 0.0628, Train: 74.819%, Valid: 73.643% Test: 74.337%
Run: 08, Epoch: 100, Loss: 0.0627, Train: 75.191%, Valid: 73.979% Test: 74.648%
Run: 08, Epoch: 110, Loss: 0.0625, Train: 75.488%, Valid: 74.257% Test: 74.939%
Run: 08, Epoch: 120, Loss: 0.0624, Train: 75.726%, Valid: 74.485% Test: 75.171%
Run: 08, Epoch: 130, Loss: 0.0623, Train: 75.931%, Valid: 74.680% Test: 75.372%
Run: 08, Epoch: 140, Loss: 0.0622, Train: 76.108%, Valid: 74.839% Test: 75.538%
Run: 08, Epoch: 150, Loss: 0.0621, Train: 76.258%, Valid: 74.972% Test: 75.681%
Run: 08, Epoch: 160, Loss: 0.0620, Train: 76.387%, Valid: 75.087% Test: 75.807%
Run: 08, Epoch: 170, Loss: 0.0620, Train: 76.496%, Valid: 75.184% Test: 75.908%
Run: 08, Epoch: 180, Loss: 0.0619, Train: 76.591%, Valid: 75.270% Test: 75.992%
Run: 08, Epoch: 190, Loss: 0.0619, Train: 76.680%, Valid: 75.351% Test: 76.066%
Run: 08, Epoch: 200, Loss: 0.0618, Train: 76.760%, Valid: 75.424% Test: 76.134%
Run 08:
Highest Train: 76.76
Highest Valid: 75.42
  Final Train: 76.76
   Final Test: 76.13
4994
Run: 09, Epoch: 10, Loss: 0.1186, Train: 61.858%, Valid: 61.781% Test: 61.764%
Run: 09, Epoch: 20, Loss: 0.0866, Train: 68.319%, Valid: 67.776% Test: 68.216%
Run: 09, Epoch: 30, Loss: 0.0691, Train: 68.736%, Valid: 67.878% Test: 68.564%
Run: 09, Epoch: 40, Loss: 0.0661, Train: 69.536%, Valid: 68.748% Test: 69.626%
Run: 09, Epoch: 50, Loss: 0.0641, Train: 72.584%, Valid: 71.351% Test: 72.249%
Run: 09, Epoch: 60, Loss: 0.0635, Train: 73.474%, Valid: 72.158% Test: 73.072%
Run: 09, Epoch: 70, Loss: 0.0631, Train: 74.178%, Valid: 72.812% Test: 73.733%
Run: 09, Epoch: 80, Loss: 0.0628, Train: 74.753%, Valid: 73.376% Test: 74.246%
Run: 09, Epoch: 90, Loss: 0.0626, Train: 75.183%, Valid: 73.801% Test: 74.655%
Run: 09, Epoch: 100, Loss: 0.0624, Train: 75.546%, Valid: 74.160% Test: 75.012%
Run: 09, Epoch: 110, Loss: 0.0623, Train: 75.831%, Valid: 74.459% Test: 75.301%
Run: 09, Epoch: 120, Loss: 0.0621, Train: 76.056%, Valid: 74.711% Test: 75.545%
Run: 09, Epoch: 130, Loss: 0.0621, Train: 76.232%, Valid: 74.897% Test: 75.727%
Run: 09, Epoch: 140, Loss: 0.0620, Train: 76.375%, Valid: 75.041% Test: 75.874%
Run: 09, Epoch: 150, Loss: 0.0619, Train: 76.498%, Valid: 75.164% Test: 76.002%
Run: 09, Epoch: 160, Loss: 0.0619, Train: 76.606%, Valid: 75.267% Test: 76.110%
Run: 09, Epoch: 170, Loss: 0.0618, Train: 76.708%, Valid: 75.358% Test: 76.207%
Run: 09, Epoch: 180, Loss: 0.0618, Train: 76.807%, Valid: 75.447% Test: 76.303%
Run: 09, Epoch: 190, Loss: 0.0617, Train: 76.908%, Valid: 75.542% Test: 76.403%
Run: 09, Epoch: 200, Loss: 0.0617, Train: 77.013%, Valid: 75.640% Test: 76.498%
Run 09:
Highest Train: 77.01
Highest Valid: 75.64
  Final Train: 77.01
   Final Test: 76.50
4994
Run: 10, Epoch: 10, Loss: 0.1282, Train: 62.905%, Valid: 62.937% Test: 62.897%
Run: 10, Epoch: 20, Loss: 0.1151, Train: 67.221%, Valid: 66.864% Test: 66.986%
Run: 10, Epoch: 30, Loss: 0.0771, Train: 69.308%, Valid: 68.583% Test: 68.827%
Run: 10, Epoch: 40, Loss: 0.0695, Train: 68.830%, Valid: 67.898% Test: 68.070%
Run: 10, Epoch: 50, Loss: 0.0664, Train: 68.806%, Valid: 68.392% Test: 68.440%
Run: 10, Epoch: 60, Loss: 0.0648, Train: 71.112%, Valid: 70.236% Test: 70.522%
Run: 10, Epoch: 70, Loss: 0.0640, Train: 72.617%, Valid: 71.714% Test: 72.089%
Run: 10, Epoch: 80, Loss: 0.0636, Train: 73.259%, Valid: 72.265% Test: 72.762%
Run: 10, Epoch: 90, Loss: 0.0633, Train: 73.875%, Valid: 72.906% Test: 73.410%
Run: 10, Epoch: 100, Loss: 0.0631, Train: 74.300%, Valid: 73.274% Test: 73.790%
Run: 10, Epoch: 110, Loss: 0.0629, Train: 74.710%, Valid: 73.630% Test: 74.174%
/home1/hxh/miniconda3/envs/dgraph_baseline/lib/python3.8/site-packages/torch_sparse/tensor.py:290: UserWarning: This overload of nonzero is deprecated:
	nonzero()
Consider using one of the following signatures instead:
	nonzero(*, bool as_tuple) (Triggered internally at  /opt/conda/conda-bld/pytorch_1595629395347/work/torch/csrc/utils/python_arg_parser.cpp:766.)
  ptr = mask.nonzero().flatten()
Run: 10, Epoch: 120, Loss: 0.0627, Train: 75.037%, Valid: 73.921% Test: 74.469%
Run: 10, Epoch: 130, Loss: 0.0626, Train: 75.338%, Valid: 74.204% Test: 74.760%
Run: 10, Epoch: 140, Loss: 0.0624, Train: 75.593%, Valid: 74.437% Test: 75.004%
Run: 10, Epoch: 150, Loss: 0.0623, Train: 75.812%, Valid: 74.636% Test: 75.217%
Run: 10, Epoch: 160, Loss: 0.0622, Train: 75.999%, Valid: 74.797% Test: 75.403%
Run: 10, Epoch: 170, Loss: 0.0621, Train: 76.157%, Valid: 74.925% Test: 75.557%
Run: 10, Epoch: 180, Loss: 0.0621, Train: 76.292%, Valid: 75.029% Test: 75.690%
Run: 10, Epoch: 190, Loss: 0.0620, Train: 76.406%, Valid: 75.113% Test: 75.802%
Run: 10, Epoch: 200, Loss: 0.0619, Train: 76.503%, Valid: 75.184% Test: 75.895%
Run 10:
Highest Train: 76.50
Highest Valid: 75.18
  Final Train: 76.50
   Final Test: 75.89
All runs:
Highest Train: 76.7854 ± 0.1881
Highest Valid: 75.4739 ± 0.1894
  Final Train: 76.7854 ± 0.1881
   Final Test: 76.2051 ± 0.2010
final_results: {'train': 76.7854, 'train_std': 0.1881, 'valid': 75.4739, 'valid_std': 0.1894, 'test': 76.2051, 'test_std': 0.201}
