nohup: ignoring input
Namespace(device=1, dataset='DGraphFin', log_steps=10, model='sign', use_embeddings=False, epochs=200, runs=10, fold=0)
read_dgraphfin
result_dir: ./model_results/DGraphFin/sign
Model sign initialized
9346
Preprocessing...
Preprocessing Done...
Run: 01, Epoch: 10, Loss: 0.0789, Train: 66.927%, Valid: 66.138% Test: 66.679%
Run: 01, Epoch: 20, Loss: 0.0763, Train: 71.335%, Valid: 70.408% Test: 71.376%
Run: 01, Epoch: 30, Loss: 0.0701, Train: 73.120%, Valid: 72.210% Test: 73.077%
Run: 01, Epoch: 40, Loss: 0.0663, Train: 73.968%, Valid: 73.146% Test: 73.845%
Run: 01, Epoch: 50, Loss: 0.0646, Train: 74.618%, Valid: 73.586% Test: 74.343%
Run: 01, Epoch: 60, Loss: 0.0636, Train: 74.921%, Valid: 73.712% Test: 74.595%
Run: 01, Epoch: 70, Loss: 0.0630, Train: 75.548%, Valid: 74.241% Test: 75.264%
Run: 01, Epoch: 80, Loss: 0.0625, Train: 76.003%, Valid: 74.597% Test: 75.790%
Run: 01, Epoch: 90, Loss: 0.0622, Train: 76.362%, Valid: 74.859% Test: 76.176%
Run: 01, Epoch: 100, Loss: 0.0620, Train: 76.674%, Valid: 75.134% Test: 76.496%
Run: 01, Epoch: 110, Loss: 0.0618, Train: 76.916%, Valid: 75.344% Test: 76.743%
Run: 01, Epoch: 120, Loss: 0.0617, Train: 77.116%, Valid: 75.504% Test: 76.933%
Run: 01, Epoch: 130, Loss: 0.0616, Train: 77.262%, Valid: 75.612% Test: 77.065%
Run: 01, Epoch: 140, Loss: 0.0615, Train: 77.376%, Valid: 75.684% Test: 77.159%
Run: 01, Epoch: 150, Loss: 0.0615, Train: 77.468%, Valid: 75.740% Test: 77.234%
Run: 01, Epoch: 160, Loss: 0.0614, Train: 77.545%, Valid: 75.784% Test: 77.298%
Run: 01, Epoch: 170, Loss: 0.0614, Train: 77.610%, Valid: 75.816% Test: 77.350%
Run: 01, Epoch: 180, Loss: 0.0613, Train: 77.672%, Valid: 75.861% Test: 77.402%
Run: 01, Epoch: 190, Loss: 0.0613, Train: 77.723%, Valid: 75.900% Test: 77.441%
Run: 01, Epoch: 200, Loss: 0.0613, Train: 77.769%, Valid: 75.924% Test: 77.483%
Run 01:
Highest Train: 77.77
Highest Valid: 75.93
  Final Train: 77.77
   Final Test: 77.48
9346
Run: 02, Epoch: 10, Loss: 0.0806, Train: 60.930%, Valid: 60.087% Test: 60.741%
Run: 02, Epoch: 20, Loss: 0.0900, Train: 67.364%, Valid: 66.460% Test: 67.226%
Run: 02, Epoch: 30, Loss: 0.0812, Train: 70.506%, Valid: 69.568% Test: 70.464%
Run: 02, Epoch: 40, Loss: 0.0739, Train: 71.617%, Valid: 70.690% Test: 71.585%
Run: 02, Epoch: 50, Loss: 0.0688, Train: 72.375%, Valid: 71.502% Test: 72.286%
Run: 02, Epoch: 60, Loss: 0.0660, Train: 73.140%, Valid: 72.312% Test: 72.893%
Run: 02, Epoch: 70, Loss: 0.0648, Train: 73.747%, Valid: 72.926% Test: 73.367%
Run: 02, Epoch: 80, Loss: 0.0641, Train: 74.196%, Valid: 73.283% Test: 73.722%
Run: 02, Epoch: 90, Loss: 0.0636, Train: 74.522%, Valid: 73.484% Test: 73.991%
Run: 02, Epoch: 100, Loss: 0.0633, Train: 74.865%, Valid: 73.735% Test: 74.331%
Run: 02, Epoch: 110, Loss: 0.0630, Train: 75.210%, Valid: 74.029% Test: 74.697%
Run: 02, Epoch: 120, Loss: 0.0628, Train: 75.512%, Valid: 74.288% Test: 75.020%
Run: 02, Epoch: 130, Loss: 0.0626, Train: 75.787%, Valid: 74.518% Test: 75.318%
Run: 02, Epoch: 140, Loss: 0.0624, Train: 76.033%, Valid: 74.716% Test: 75.581%
Run: 02, Epoch: 150, Loss: 0.0622, Train: 76.250%, Valid: 74.885% Test: 75.818%
Run: 02, Epoch: 160, Loss: 0.0621, Train: 76.446%, Valid: 75.034% Test: 76.043%
Run: 02, Epoch: 170, Loss: 0.0620, Train: 76.616%, Valid: 75.159% Test: 76.241%
Run: 02, Epoch: 180, Loss: 0.0619, Train: 76.768%, Valid: 75.261% Test: 76.408%
Run: 02, Epoch: 190, Loss: 0.0618, Train: 76.901%, Valid: 75.347% Test: 76.547%
Run: 02, Epoch: 200, Loss: 0.0617, Train: 77.018%, Valid: 75.423% Test: 76.670%
Run 02:
Highest Train: 77.02
Highest Valid: 75.42
  Final Train: 77.02
   Final Test: 76.67
9346
Run: 03, Epoch: 10, Loss: 0.0796, Train: 67.165%, Valid: 66.575% Test: 67.012%
Run: 03, Epoch: 20, Loss: 0.0770, Train: 71.049%, Valid: 70.365% Test: 71.256%
Run: 03, Epoch: 30, Loss: 0.0712, Train: 72.877%, Valid: 72.180% Test: 72.986%
Run: 03, Epoch: 40, Loss: 0.0671, Train: 73.743%, Valid: 73.120% Test: 73.797%
Run: 03, Epoch: 50, Loss: 0.0652, Train: 74.179%, Valid: 73.409% Test: 74.047%
Run: 03, Epoch: 60, Loss: 0.0641, Train: 74.629%, Valid: 73.631% Test: 74.300%
Run: 03, Epoch: 70, Loss: 0.0634, Train: 75.131%, Valid: 73.986% Test: 74.720%
Run: 03, Epoch: 80, Loss: 0.0628, Train: 75.692%, Valid: 74.417% Test: 75.287%
Run: 03, Epoch: 90, Loss: 0.0625, Train: 76.078%, Valid: 74.695% Test: 75.692%
Run: 03, Epoch: 100, Loss: 0.0622, Train: 76.369%, Valid: 74.911% Test: 76.020%
Run: 03, Epoch: 110, Loss: 0.0621, Train: 76.611%, Valid: 75.093% Test: 76.305%
Run: 03, Epoch: 120, Loss: 0.0619, Train: 76.809%, Valid: 75.253% Test: 76.548%
Run: 03, Epoch: 130, Loss: 0.0618, Train: 76.968%, Valid: 75.374% Test: 76.736%
Run: 03, Epoch: 140, Loss: 0.0617, Train: 77.099%, Valid: 75.474% Test: 76.885%
Run: 03, Epoch: 150, Loss: 0.0616, Train: 77.208%, Valid: 75.550% Test: 76.997%
Run: 03, Epoch: 160, Loss: 0.0616, Train: 77.301%, Valid: 75.614% Test: 77.092%
Run: 03, Epoch: 170, Loss: 0.0615, Train: 77.386%, Valid: 75.672% Test: 77.183%
Run: 03, Epoch: 180, Loss: 0.0615, Train: 77.463%, Valid: 75.712% Test: 77.254%
Run: 03, Epoch: 190, Loss: 0.0614, Train: 77.527%, Valid: 75.745% Test: 77.306%
Run: 03, Epoch: 200, Loss: 0.0614, Train: 77.587%, Valid: 75.778% Test: 77.350%
Run 03:
Highest Train: 77.59
Highest Valid: 75.78
  Final Train: 77.59
   Final Test: 77.35
9346
Run: 04, Epoch: 10, Loss: 0.0851, Train: 58.735%, Valid: 58.049% Test: 58.643%
Run: 04, Epoch: 20, Loss: 0.0942, Train: 64.320%, Valid: 63.565% Test: 64.132%
Run: 04, Epoch: 30, Loss: 0.0852, Train: 67.790%, Valid: 67.022% Test: 67.711%
Run: 04, Epoch: 40, Loss: 0.0763, Train: 69.821%, Valid: 69.057% Test: 69.760%
Run: 04, Epoch: 50, Loss: 0.0697, Train: 71.213%, Valid: 70.460% Test: 71.120%
Run: 04, Epoch: 60, Loss: 0.0664, Train: 72.384%, Valid: 71.602% Test: 72.185%
Run: 04, Epoch: 70, Loss: 0.0648, Train: 73.507%, Valid: 72.656% Test: 73.219%
Run: 04, Epoch: 80, Loss: 0.0640, Train: 74.194%, Valid: 73.234% Test: 73.822%
Run: 04, Epoch: 90, Loss: 0.0635, Train: 74.509%, Valid: 73.429% Test: 74.064%
Run: 04, Epoch: 100, Loss: 0.0632, Train: 74.840%, Valid: 73.669% Test: 74.390%
Run: 04, Epoch: 110, Loss: 0.0630, Train: 75.165%, Valid: 73.932% Test: 74.772%
Run: 04, Epoch: 120, Loss: 0.0627, Train: 75.468%, Valid: 74.188% Test: 75.115%
Run: 04, Epoch: 130, Loss: 0.0625, Train: 75.736%, Valid: 74.405% Test: 75.391%
Run: 04, Epoch: 140, Loss: 0.0624, Train: 75.977%, Valid: 74.598% Test: 75.641%
Run: 04, Epoch: 150, Loss: 0.0622, Train: 76.189%, Valid: 74.761% Test: 75.869%
Run: 04, Epoch: 160, Loss: 0.0621, Train: 76.382%, Valid: 74.916% Test: 76.075%
Run: 04, Epoch: 170, Loss: 0.0620, Train: 76.556%, Valid: 75.052% Test: 76.258%
Run: 04, Epoch: 180, Loss: 0.0619, Train: 76.713%, Valid: 75.176% Test: 76.415%
Run: 04, Epoch: 190, Loss: 0.0618, Train: 76.848%, Valid: 75.285% Test: 76.551%
Run: 04, Epoch: 200, Loss: 0.0617, Train: 76.970%, Valid: 75.392% Test: 76.680%
Run 04:
Highest Train: 76.97
Highest Valid: 75.39
  Final Train: 76.97
   Final Test: 76.68
9346
Run: 05, Epoch: 10, Loss: 0.0823, Train: 59.570%, Valid: 58.803% Test: 59.533%
Run: 05, Epoch: 20, Loss: 0.0897, Train: 65.284%, Valid: 64.425% Test: 65.309%
Run: 05, Epoch: 30, Loss: 0.0805, Train: 69.067%, Valid: 68.169% Test: 69.133%
Run: 05, Epoch: 40, Loss: 0.0721, Train: 71.452%, Valid: 70.595% Test: 71.460%
Run: 05, Epoch: 50, Loss: 0.0674, Train: 72.541%, Valid: 71.758% Test: 72.429%
Run: 05, Epoch: 60, Loss: 0.0651, Train: 73.585%, Valid: 72.814% Test: 73.378%
Run: 05, Epoch: 70, Loss: 0.0642, Train: 74.096%, Valid: 73.172% Test: 73.824%
Run: 05, Epoch: 80, Loss: 0.0636, Train: 74.585%, Valid: 73.525% Test: 74.303%
Run: 05, Epoch: 90, Loss: 0.0632, Train: 74.921%, Valid: 73.749% Test: 74.631%
Run: 05, Epoch: 100, Loss: 0.0629, Train: 75.281%, Valid: 74.044% Test: 75.004%
Run: 05, Epoch: 110, Loss: 0.0627, Train: 75.592%, Valid: 74.302% Test: 75.335%
Run: 05, Epoch: 120, Loss: 0.0625, Train: 75.852%, Valid: 74.505% Test: 75.598%
Run: 05, Epoch: 130, Loss: 0.0623, Train: 76.082%, Valid: 74.682% Test: 75.823%
Run: 05, Epoch: 140, Loss: 0.0622, Train: 76.281%, Valid: 74.838% Test: 76.024%
Run: 05, Epoch: 150, Loss: 0.0621, Train: 76.460%, Valid: 74.980% Test: 76.206%
Run: 05, Epoch: 160, Loss: 0.0620, Train: 76.618%, Valid: 75.103% Test: 76.366%
Run: 05, Epoch: 170, Loss: 0.0619, Train: 76.756%, Valid: 75.209% Test: 76.512%
Run: 05, Epoch: 180, Loss: 0.0618, Train: 76.877%, Valid: 75.296% Test: 76.639%
Run: 05, Epoch: 190, Loss: 0.0617, Train: 76.985%, Valid: 75.375% Test: 76.750%
Run: 05, Epoch: 200, Loss: 0.0617, Train: 77.082%, Valid: 75.448% Test: 76.845%
Run 05:
Highest Train: 77.08
Highest Valid: 75.45
  Final Train: 77.08
   Final Test: 76.84
9346
Run: 06, Epoch: 10, Loss: 0.0878, Train: 59.630%, Valid: 59.061% Test: 59.619%
Run: 06, Epoch: 20, Loss: 0.0962, Train: 63.065%, Valid: 62.320% Test: 62.991%
Run: 06, Epoch: 30, Loss: 0.0847, Train: 67.351%, Valid: 66.555% Test: 67.295%
Run: 06, Epoch: 40, Loss: 0.0743, Train: 69.620%, Valid: 68.807% Test: 69.546%
Run: 06, Epoch: 50, Loss: 0.0682, Train: 71.200%, Valid: 70.344% Test: 70.977%
Run: 06, Epoch: 60, Loss: 0.0654, Train: 72.577%, Valid: 71.632% Test: 72.201%
Run: 06, Epoch: 70, Loss: 0.0643, Train: 73.462%, Valid: 72.380% Test: 73.004%
Run: 06, Epoch: 80, Loss: 0.0638, Train: 74.022%, Valid: 72.827% Test: 73.510%
Run: 06, Epoch: 90, Loss: 0.0634, Train: 74.512%, Valid: 73.214% Test: 73.958%
Run: 06, Epoch: 100, Loss: 0.0631, Train: 74.893%, Valid: 73.536% Test: 74.359%
Run: 06, Epoch: 110, Loss: 0.0628, Train: 75.226%, Valid: 73.839% Test: 74.734%
Run: 06, Epoch: 120, Loss: 0.0626, Train: 75.512%, Valid: 74.097% Test: 75.046%
Run: 06, Epoch: 130, Loss: 0.0625, Train: 75.779%, Valid: 74.328% Test: 75.321%
Run: 06, Epoch: 140, Loss: 0.0623, Train: 76.022%, Valid: 74.533% Test: 75.571%
Run: 06, Epoch: 150, Loss: 0.0622, Train: 76.243%, Valid: 74.721% Test: 75.811%
Run: 06, Epoch: 160, Loss: 0.0621, Train: 76.446%, Valid: 74.896% Test: 76.040%
Run: 06, Epoch: 170, Loss: 0.0620, Train: 76.628%, Valid: 75.056% Test: 76.246%
Run: 06, Epoch: 180, Loss: 0.0619, Train: 76.794%, Valid: 75.197% Test: 76.431%
Run: 06, Epoch: 190, Loss: 0.0618, Train: 76.942%, Valid: 75.330% Test: 76.596%
Run: 06, Epoch: 200, Loss: 0.0617, Train: 77.066%, Valid: 75.429% Test: 76.721%
Run 06:
Highest Train: 77.07
Highest Valid: 75.43
  Final Train: 77.07
   Final Test: 76.72
9346
Run: 07, Epoch: 10, Loss: 0.0811, Train: 61.883%, Valid: 61.082% Test: 61.654%
Run: 07, Epoch: 20, Loss: 0.0865, Train: 68.436%, Valid: 67.587% Test: 68.370%
Run: 07, Epoch: 30, Loss: 0.0793, Train: 70.558%, Valid: 69.691% Test: 70.542%
Run: 07, Epoch: 40, Loss: 0.0724, Train: 71.501%, Valid: 70.619% Test: 71.481%
Run: 07, Epoch: 50, Loss: 0.0676, Train: 72.777%, Valid: 71.929% Test: 72.689%
Run: 07, Epoch: 60, Loss: 0.0654, Train: 73.805%, Valid: 72.939% Test: 73.558%
Run: 07, Epoch: 70, Loss: 0.0644, Train: 74.346%, Valid: 73.435% Test: 74.000%
Run: 07, Epoch: 80, Loss: 0.0638, Train: 74.665%, Valid: 73.625% Test: 74.239%
Run: 07, Epoch: 90, Loss: 0.0633, Train: 75.011%, Valid: 73.833% Test: 74.577%
Run: 07, Epoch: 100, Loss: 0.0630, Train: 75.336%, Valid: 74.072% Test: 74.940%
Run: 07, Epoch: 110, Loss: 0.0627, Train: 75.636%, Valid: 74.314% Test: 75.280%
Run: 07, Epoch: 120, Loss: 0.0625, Train: 75.910%, Valid: 74.538% Test: 75.582%
Run: 07, Epoch: 130, Loss: 0.0623, Train: 76.160%, Valid: 74.736% Test: 75.852%
Run: 07, Epoch: 140, Loss: 0.0622, Train: 76.381%, Valid: 74.910% Test: 76.090%
Run: 07, Epoch: 150, Loss: 0.0620, Train: 76.581%, Valid: 75.071% Test: 76.304%
Run: 07, Epoch: 160, Loss: 0.0619, Train: 76.754%, Valid: 75.204% Test: 76.486%
Run: 07, Epoch: 170, Loss: 0.0618, Train: 76.900%, Valid: 75.306% Test: 76.644%
Run: 07, Epoch: 180, Loss: 0.0617, Train: 77.029%, Valid: 75.405% Test: 76.780%
Run: 07, Epoch: 190, Loss: 0.0617, Train: 77.135%, Valid: 75.479% Test: 76.890%
Run: 07, Epoch: 200, Loss: 0.0616, Train: 77.232%, Valid: 75.550% Test: 76.981%
Run 07:
Highest Train: 77.23
Highest Valid: 75.55
  Final Train: 77.23
   Final Test: 76.98
9346
Run: 08, Epoch: 10, Loss: 0.0831, Train: 61.219%, Valid: 60.331% Test: 61.238%
Run: 08, Epoch: 20, Loss: 0.0841, Train: 68.301%, Valid: 67.439% Test: 68.477%
Run: 08, Epoch: 30, Loss: 0.0759, Train: 71.047%, Valid: 70.160% Test: 71.157%
Run: 08, Epoch: 40, Loss: 0.0686, Train: 72.861%, Valid: 71.974% Test: 72.752%
Run: 08, Epoch: 50, Loss: 0.0654, Train: 73.713%, Valid: 72.815% Test: 73.370%
Run: 08, Epoch: 60, Loss: 0.0643, Train: 74.260%, Valid: 73.251% Test: 73.757%
Run: 08, Epoch: 70, Loss: 0.0636, Train: 74.624%, Valid: 73.442% Test: 74.066%
Run: 08, Epoch: 80, Loss: 0.0631, Train: 75.036%, Valid: 73.717% Test: 74.484%
Run: 08, Epoch: 90, Loss: 0.0628, Train: 75.442%, Valid: 74.037% Test: 74.938%
Run: 08, Epoch: 100, Loss: 0.0625, Train: 75.784%, Valid: 74.330% Test: 75.336%
Run: 08, Epoch: 110, Loss: 0.0623, Train: 76.067%, Valid: 74.562% Test: 75.647%
Run: 08, Epoch: 120, Loss: 0.0622, Train: 76.316%, Valid: 74.773% Test: 75.923%
Run: 08, Epoch: 130, Loss: 0.0620, Train: 76.530%, Valid: 74.962% Test: 76.172%
Run: 08, Epoch: 140, Loss: 0.0619, Train: 76.720%, Valid: 75.129% Test: 76.387%
Run: 08, Epoch: 150, Loss: 0.0618, Train: 76.882%, Valid: 75.268% Test: 76.565%
Run: 08, Epoch: 160, Loss: 0.0617, Train: 77.018%, Valid: 75.377% Test: 76.713%
Run: 08, Epoch: 170, Loss: 0.0616, Train: 77.136%, Valid: 75.474% Test: 76.842%
Run: 08, Epoch: 180, Loss: 0.0616, Train: 77.240%, Valid: 75.555% Test: 76.956%
Run: 08, Epoch: 190, Loss: 0.0615, Train: 77.332%, Valid: 75.619% Test: 77.061%
Run: 08, Epoch: 200, Loss: 0.0615, Train: 77.406%, Valid: 75.656% Test: 77.127%
Run 08:
Highest Train: 77.41
Highest Valid: 75.66
  Final Train: 77.41
   Final Test: 77.13
9346
Run: 09, Epoch: 10, Loss: 0.0858, Train: 59.219%, Valid: 58.791% Test: 59.233%
Run: 09, Epoch: 20, Loss: 0.0953, Train: 62.866%, Valid: 62.367% Test: 62.904%
Run: 09, Epoch: 30, Loss: 0.0870, Train: 66.136%, Valid: 65.542% Test: 66.196%
Run: 09, Epoch: 40, Loss: 0.0782, Train: 67.970%, Valid: 67.307% Test: 68.026%
Run: 09, Epoch: 50, Loss: 0.0715, Train: 69.461%, Valid: 68.789% Test: 69.492%
Run: 09, Epoch: 60, Loss: 0.0676, Train: 70.871%, Valid: 70.149% Test: 70.790%
Run: 09, Epoch: 70, Loss: 0.0655, Train: 72.393%, Valid: 71.555% Test: 72.144%
Run: 09, Epoch: 80, Loss: 0.0645, Train: 73.393%, Valid: 72.428% Test: 73.029%
Run: 09, Epoch: 90, Loss: 0.0638, Train: 73.992%, Valid: 72.887% Test: 73.578%
Run: 09, Epoch: 100, Loss: 0.0634, Train: 74.410%, Valid: 73.207% Test: 73.986%
Run: 09, Epoch: 110, Loss: 0.0631, Train: 74.792%, Valid: 73.536% Test: 74.374%
Run: 09, Epoch: 120, Loss: 0.0629, Train: 75.143%, Valid: 73.858% Test: 74.736%
Run: 09, Epoch: 130, Loss: 0.0627, Train: 75.461%, Valid: 74.149% Test: 75.064%
Run: 09, Epoch: 140, Loss: 0.0625, Train: 75.751%, Valid: 74.412% Test: 75.365%
Run: 09, Epoch: 150, Loss: 0.0623, Train: 76.014%, Valid: 74.646% Test: 75.645%
Run: 09, Epoch: 160, Loss: 0.0622, Train: 76.252%, Valid: 74.851% Test: 75.902%
Run: 09, Epoch: 170, Loss: 0.0621, Train: 76.454%, Valid: 75.017% Test: 76.116%
Run: 09, Epoch: 180, Loss: 0.0619, Train: 76.633%, Valid: 75.165% Test: 76.308%
Run: 09, Epoch: 190, Loss: 0.0619, Train: 76.789%, Valid: 75.291% Test: 76.471%
Run: 09, Epoch: 200, Loss: 0.0618, Train: 76.927%, Valid: 75.397% Test: 76.606%
Run 09:
Highest Train: 76.93
Highest Valid: 75.40
  Final Train: 76.93
   Final Test: 76.61
9346
Run: 10, Epoch: 10, Loss: 0.0827, Train: 62.417%, Valid: 61.556% Test: 62.286%
Run: 10, Epoch: 20, Loss: 0.0846, Train: 69.461%, Valid: 68.622% Test: 69.525%
Run: 10, Epoch: 30, Loss: 0.0763, Train: 71.577%, Valid: 70.665% Test: 71.548%
Run: 10, Epoch: 40, Loss: 0.0697, Train: 72.478%, Valid: 71.497% Test: 72.258%
Run: 10, Epoch: 50, Loss: 0.0665, Train: 73.224%, Valid: 72.333% Test: 72.868%
Run: 10, Epoch: 60, Loss: 0.0649, Train: 73.794%, Valid: 72.990% Test: 73.386%
Run: 10, Epoch: 70, Loss: 0.0642, Train: 74.101%, Valid: 73.256% Test: 73.613%
Run: 10, Epoch: 80, Loss: 0.0636, Train: 74.556%, Valid: 73.541% Test: 73.992%
Run: 10, Epoch: 90, Loss: 0.0632, Train: 75.054%, Valid: 73.894% Test: 74.493%
Run: 10, Epoch: 100, Loss: 0.0629, Train: 75.451%, Valid: 74.201% Test: 74.935%
Run: 10, Epoch: 110, Loss: 0.0626, Train: 75.783%, Valid: 74.457% Test: 75.291%
Run: 10, Epoch: 120, Loss: 0.0624, Train: 76.081%, Valid: 74.683% Test: 75.605%
Run: 10, Epoch: 130, Loss: 0.0622, Train: 76.330%, Valid: 74.873% Test: 75.885%
Run: 10, Epoch: 140, Loss: 0.0621, Train: 76.544%, Valid: 75.047% Test: 76.138%
Run: 10, Epoch: 150, Loss: 0.0619, Train: 76.727%, Valid: 75.195% Test: 76.348%
Run: 10, Epoch: 160, Loss: 0.0618, Train: 76.885%, Valid: 75.327% Test: 76.532%
Run: 10, Epoch: 170, Loss: 0.0617, Train: 77.021%, Valid: 75.441% Test: 76.689%
Run: 10, Epoch: 180, Loss: 0.0617, Train: 77.137%, Valid: 75.531% Test: 76.817%
Run: 10, Epoch: 190, Loss: 0.0616, Train: 77.236%, Valid: 75.599% Test: 76.918%
Run: 10, Epoch: 200, Loss: 0.0615, Train: 77.318%, Valid: 75.647% Test: 77.000%
Run 10:
Highest Train: 77.32
Highest Valid: 75.65
  Final Train: 77.32
   Final Test: 77.00
All runs:
Highest Train: 77.2375 ± 0.2807
Highest Valid: 75.5652 ± 0.1840
  Final Train: 77.2373 ± 0.2803
   Final Test: 76.9460 ± 0.3002
final_results: {'train': 77.2373, 'train_std': 0.2803, 'valid': 75.5652, 'valid_std': 0.184, 'test': 76.946, 'test_std': 0.3002}
